#
# A fatal error has been detected by the Java Runtime Environment:
#
#  SIGSEGV (0xb) at pc=0x00007fa9bde78216, pid=31060, tid=31095
#
# JRE version: OpenJDK Runtime Environment (14.0.1+7) (build 14.0.1+7-Ubuntu-1ubuntu118.04.1)
# Java VM: OpenJDK 64-Bit Server VM (14.0.1+7-Ubuntu-1ubuntu118.04.1, mixed mode, sharing, tiered, compressed oops, g1 gc, linux-amd64)
# Problematic frame:
# V  [libjvm.so+0xbcc216]
#
# Core dump will be written. Default location: Core dumps may be processed with "/usr/share/apport/apport %p %s %c %d %P %E" (or dumping to /home/ram/repo/github/expmgr-backend/core.31060)
#
# If you would like to submit a bug report, please visit:
#   Unknown
#

---------------  S U M M A R Y ------------

Command Line: -Dclassworlds.conf=/usr/share/maven/bin/m2.conf -Dmaven.home=/usr/share/maven -Dlibrary.jansi.path=/usr/share/maven/lib/jansi-native -Dmaven.multiModuleProjectDirectory=/home/ram/repo/github/expmgr-backend org.codehaus.plexus.classworlds.launcher.Launcher spring-boot:build-image

Host: Intel(R) Core(TM) i7-8700 CPU @ 3.20GHz, 12 cores, 15G, Ubuntu 18.04.4 LTS
Time: Sat May 30 09:03:08 2020 IST elapsed time: 6 seconds (0d 0h 0m 6s)

---------------  T H R E A D  ---------------

Current thread (0x00007fa9b81ff800):  JavaThread "C2 CompilerThread0" daemon [_thread_in_native, id=31095, stack(0x00007fa994045000,0x00007fa994146000)]


Current CompileTask:
C2:   6551 8318       4       org.codehaus.plexus.classworlds.realm.ClassRealm::loadClass (7 bytes)

Stack: [0x00007fa994045000,0x00007fa994146000],  sp=0x00007fa994141578,  free space=1009k
Native frames: (J=compiled Java code, A=aot compiled Java code, j=interpreted, Vv=VM code, C=native code)
V  [libjvm.so+0xbcc216]
V  [libjvm.so+0x4d7ed6]
V  [libjvm.so+0x561d24]
V  [libjvm.so+0x564d00]
V  [libjvm.so+0x4b47a1]
V  [libjvm.so+0x56e020]
V  [libjvm.so+0x56f3b8]
V  [libjvm.so+0xe0a7e2]
V  [libjvm.so+0xe0ef9d]
V  [libjvm.so+0xb36867]


siginfo: si_signo: 11 (SIGSEGV), si_code: 1 (SEGV_MAPERR), si_addr: 0x000000006187c420

Register to memory mapping:

RAX=0x0 is NULL
RBX=0x00007fa96187c3e8 points into unknown readable memory: 00 00 00 00 00 00 00 00
RCX=0x0 is NULL
RDX=0x0 is NULL
RSP=0x00007fa994141578 is pointing into the stack for thread: 0x00007fa9b81ff800
RBP=0x00007fa9941415f0 is pointing into the stack for thread: 0x00007fa9b81ff800
RSI=0x000000001ff53480 is an unknown value
RDI=0x000000006187c420 is an unknown value
R8 =0x0000000000000003 is an unknown value
R9 =0x0 is NULL
R10=0x0 is NULL
R11=0x00007fa9be6d7060: <offset 0x000000000142b060> in /usr/lib/jvm/java-14-openjdk-amd64/lib/server/libjvm.so at 0x00007fa9bd2ac000
R12=0x00007fa9941419e0 is pointing into the stack for thread: 0x00007fa9b81ff800
R13=0x0000000000000008 is an unknown value
R14=0x00007fa96016fe28 points into unknown readable memory: 10 80 64 be a9 7f 00 00
R15=0x0000000000000001 is an unknown value


Registers:
RAX=0x0000000000000000, RBX=0x00007fa96187c3e8, RCX=0x0000000000000000, RDX=0x0000000000000000
RSP=0x00007fa994141578, RBP=0x00007fa9941415f0, RSI=0x000000001ff53480, RDI=0x000000006187c420
R8 =0x0000000000000003, R9 =0x0000000000000000, R10=0x0000000000000000, R11=0x00007fa9be6d7060
R12=0x00007fa9941419e0, R13=0x0000000000000008, R14=0x00007fa96016fe28, R15=0x0000000000000001
RIP=0x00007fa9bde78216, EFLAGS=0x0000000000010202, CSGSFS=0x002b000000000033, ERR=0x0000000000000004
  TRAPNO=0x000000000000000e

Top of Stack: (sp=0x00007fa994141578)
0x00007fa994141578:   00007fa9bd78026a 000000000009acb0
0x00007fa994141588:   00000007000000bc 00010000ffffffff
0x00007fa994141598:   00007fa9be6d7060 00007fa900000003
0x00007fa9941415a8:   00007fa96187c400 0000000000000003 

Instructions: (pc=0x00007fa9bde78216)
0x00007fa9bde78116:   03 0f 84 c4 00 00 00 f3 0f 6f 62 30 66 0f 6f cc
0x00007fa9bde78126:   66 0f 72 d1 01 66 0f db cb 66 0f fa e1 66 0f 6f
0x00007fa9bde78136:   cc 66 0f db e2 66 0f 72 d1 02 66 0f db ca 66 0f
0x00007fa9bde78146:   fe cc 66 0f 6f e1 66 0f 72 d4 04 66 0f fe e1 66
0x00007fa9bde78156:   0f db e5 66 0f 6f cc 66 0f 72 f1 08 66 0f fe cc
0x00007fa9bde78166:   66 0f 6f e1 66 0f 72 f4 10 66 0f fe cc 66 0f 72
0x00007fa9bde78176:   d1 18 66 0f fe c1 41 83 f8 04 74 5f f3 0f 6f 4a
0x00007fa9bde78186:   40 66 0f 6f e1 66 0f 72 d4 01 66 0f db dc 66 0f
0x00007fa9bde78196:   fa cb 66 0f 6f d9 66 0f 72 d3 02 66 0f db da 66
0x00007fa9bde781a6:   0f db d1 66 0f fe da 66 0f 6f d3 66 0f 72 d2 04
0x00007fa9bde781b6:   66 0f fe d3 66 0f db d5 66 0f 6f ea 66 0f 72 f5
0x00007fa9bde781c6:   08 66 0f fe ea 66 0f 6f cd 66 0f 72 f1 10 66 0f
0x00007fa9bde781d6:   fe e9 66 0f 72 d5 18 66 0f fe c5 66 0f 6f c8 41
0x00007fa9bde781e6:   89 c0 66 0f 73 d9 08 41 83 e0 fc 66 0f fe c1 45
0x00007fa9bde781f6:   8d 0c 30 66 0f 6f c8 66 0f 73 d9 04 66 0f fe c1
0x00007fa9bde78206:   66 0f 7e c2 41 39 c0 0f 84 e0 00 00 00 49 63 c1
0x00007fa9bde78216:   44 8b 04 87 44 89 c0 d1 e8 25 55 55 55 55 41 29
0x00007fa9bde78226:   c0 44 89 c0 41 c1 e8 02 25 33 33 33 33 41 81 e0
0x00007fa9bde78236:   33 33 33 33 41 01 c0 44 89 c0 c1 e8 04 44 01 c0
0x00007fa9bde78246:   25 0f 0f 0f 0f 69 c0 01 01 01 01 c1 e8 18 01 c2
0x00007fa9bde78256:   41 8d 41 01 39 c8 0f 8f 91 00 00 00 48 98 41 83
0x00007fa9bde78266:   c1 02 44 8b 04 87 44 89 c0 d1 e8 25 55 55 55 55
0x00007fa9bde78276:   41 29 c0 44 89 c0 41 c1 e8 02 25 33 33 33 33 41
0x00007fa9bde78286:   81 e0 33 33 33 33 41 01 c0 44 89 c0 c1 e8 04 44
0x00007fa9bde78296:   01 c0 25 0f 0f 0f 0f 69 c0 01 01 01 01 c1 e8 18
0x00007fa9bde782a6:   01 c2 44 39 c9 7c 46 4d 63 c9 42 8b 04 8f 41 89
0x00007fa9bde782b6:   c0 41 d1 e8 41 81 e0 55 55 55 55 44 29 c0 41 89
0x00007fa9bde782c6:   c0 c1 e8 02 41 81 e0 33 33 33 33 25 33 33 33 33
0x00007fa9bde782d6:   44 01 c0 41 89 c0 41 c1 e8 04 44 01 c0 25 0f 0f
0x00007fa9bde782e6:   0f 0f 69 c0 01 01 01 01 c1 e8 18 01 c2 31 c0 83
0x00007fa9bde782f6:   fa 02 74 0e c3 0f 1f 44 00 00 48 83 c6 01 39 f1
0x00007fa9bde78306:   7c 40 8b 14 b7 85 d2 74 f1 89 d0 f7 d8 21 d0 a9 


Stack slot to memory mapping:
stack at sp + 0 slots: 0x00007fa9bd78026a: <offset 0x00000000004d426a> in /usr/lib/jvm/java-14-openjdk-amd64/lib/server/libjvm.so at 0x00007fa9bd2ac000
stack at sp + 1 slots: 0x000000000009acb0 is an unknown value
stack at sp + 2 slots: 0x00000007000000bc is an unknown value
stack at sp + 3 slots: 0x00010000ffffffff is an unknown value
stack at sp + 4 slots: 0x00007fa9be6d7060: <offset 0x000000000142b060> in /usr/lib/jvm/java-14-openjdk-amd64/lib/server/libjvm.so at 0x00007fa9bd2ac000
stack at sp + 5 slots: 0x00007fa900000003 points into unknown readable memory: 00 a9 7f 00 00
stack at sp + 6 slots: 0x00007fa96187c400 points into unknown readable memory: 58 fb 16 60 a9 7f 00 00
stack at sp + 7 slots: 0x0000000000000003 is an unknown value


---------------  P R O C E S S  ---------------

Threads class SMR info:
_java_thread_list=0x00007fa948002b70, length=16, elements={
0x00007fa9b8018000, 0x00007fa9b81f4000, 0x00007fa9b81f6000, 0x00007fa9b81fc000,
0x00007fa9b81fe000, 0x00007fa9b81ff800, 0x00007fa9b8201800, 0x00007fa9b8204000,
0x00007fa9b826b800, 0x00007fa9b8270000, 0x00007fa9b9223000, 0x00007fa9b9280000,
0x00007fa9b9281800, 0x00007fa9b928e800, 0x00007fa9b928f800, 0x00007fa9b9269800
}

Java Threads: ( => current thread )
  0x00007fa9b8018000 JavaThread "main" [_thread_in_native, id=31084, stack(0x00007fa9bf4a5000,0x00007fa9bf5a6000)]
  0x00007fa9b81f4000 JavaThread "Reference Handler" daemon [_thread_blocked, id=31091, stack(0x00007fa994449000,0x00007fa99454a000)]
  0x00007fa9b81f6000 JavaThread "Finalizer" daemon [_thread_blocked, id=31092, stack(0x00007fa994348000,0x00007fa994449000)]
  0x00007fa9b81fc000 JavaThread "Signal Dispatcher" daemon [_thread_blocked, id=31093, stack(0x00007fa994247000,0x00007fa994348000)]
  0x00007fa9b81fe000 JavaThread "Service Thread" daemon [_thread_blocked, id=31094, stack(0x00007fa994146000,0x00007fa994247000)]
=>0x00007fa9b81ff800 JavaThread "C2 CompilerThread0" daemon [_thread_in_native, id=31095, stack(0x00007fa994045000,0x00007fa994146000)]
  0x00007fa9b8201800 JavaThread "C1 CompilerThread0" daemon [_thread_blocked, id=31096, stack(0x00007fa984d30000,0x00007fa984e31000)]
  0x00007fa9b8204000 JavaThread "Sweeper thread" daemon [_thread_blocked, id=31097, stack(0x00007fa984c2f000,0x00007fa984d30000)]
  0x00007fa9b826b800 JavaThread "Notification Thread" daemon [_thread_blocked, id=31098, stack(0x00007fa984b2e000,0x00007fa984c2f000)]
  0x00007fa9b8270000 JavaThread "Common-Cleaner" daemon [_thread_blocked, id=31100, stack(0x00007fa98492b000,0x00007fa984a2c000)]
  0x00007fa9b9223000 JavaThread "resolver-1" daemon [_thread_blocked, id=31112, stack(0x00007fa9463f1000,0x00007fa9464f2000)]
  0x00007fa9b9280000 JavaThread "resolver-2" daemon [_thread_blocked, id=31113, stack(0x00007fa9462f0000,0x00007fa9463f1000)]
  0x00007fa9b9281800 JavaThread "resolver-3" daemon [_thread_blocked, id=31114, stack(0x00007fa9461ef000,0x00007fa9462f0000)]
  0x00007fa9b928e800 JavaThread "resolver-4" daemon [_thread_blocked, id=31115, stack(0x00007fa9460ee000,0x00007fa9461ef000)]
  0x00007fa9b928f800 JavaThread "resolver-5" daemon [_thread_blocked, id=31116, stack(0x00007fa945fed000,0x00007fa9460ee000)]
  0x00007fa9b9269800 JavaThread "process reaper" daemon [_thread_blocked, id=31122, stack(0x00007fa9bf3c3000,0x00007fa9bf3e5000)]

Other Threads:
  0x00007fa9b81f1000 VMThread "VM Thread" [stack: 0x00007fa99454c000,0x00007fa99464c000] [id=31090]
  0x00007fa9b826d800 WatcherThread [stack: 0x00007fa984a2e000,0x00007fa984b2e000] [id=31099]
  0x00007fa9b807d800 GCTaskThread "GC Thread#0" [stack: 0x00007fa99553c000,0x00007fa99563c000] [id=31085]
  0x00007fa97c001000 GCTaskThread "GC Thread#1" [stack: 0x00007fa947f00000,0x00007fa948000000] [id=31103]
  0x00007fa97c002800 GCTaskThread "GC Thread#2" [stack: 0x00007fa947dfe000,0x00007fa947efe000] [id=31104]
  0x00007fa97c003800 GCTaskThread "GC Thread#3" [stack: 0x00007fa947cfc000,0x00007fa947dfc000] [id=31105]
  0x00007fa97c005800 GCTaskThread "GC Thread#4" [stack: 0x00007fa947bfa000,0x00007fa947cfa000] [id=31106]
  0x00007fa97c007000 GCTaskThread "GC Thread#5" [stack: 0x00007fa947af8000,0x00007fa947bf8000] [id=31107]
  0x00007fa9b809e800 ConcurrentGCThread "G1 Main Marker" [stack: 0x00007fa99543a000,0x00007fa99553a000] [id=31086]
  0x00007fa9b80a0800 ConcurrentGCThread "G1 Conc#0" [stack: 0x00007fa995338000,0x00007fa995438000] [id=31087]
  0x00007fa988001000 ConcurrentGCThread "G1 Conc#1" [stack: 0x00007fa946df6000,0x00007fa946ef6000] [id=31108]
  0x00007fa988002800 ConcurrentGCThread "G1 Conc#2" [stack: 0x00007fa946cf4000,0x00007fa946df4000] [id=31109]
  0x00007fa9b81a5000 ConcurrentGCThread "G1 Refine#0" [stack: 0x00007fa99482c000,0x00007fa99492c000] [id=31088]
  0x00007fa980001000 ConcurrentGCThread "G1 Refine#1" [stack: 0x00007fa9450e1000,0x00007fa9451e1000] [id=31172]
  0x00007fa904002800 ConcurrentGCThread "G1 Refine#2" [stack: 0x00007fa944fdf000,0x00007fa9450df000] [id=31173]
  0x00007fa8e4003000 ConcurrentGCThread "G1 Refine#3" [stack: 0x00007fa944edd000,0x00007fa944fdd000] [id=31174]
  0x00007fa9b81a6800 ConcurrentGCThread "G1 Young RemSet Sampling" [stack: 0x00007fa99472a000,0x00007fa99482a000] [id=31089]

Threads with active compile tasks:
C2 CompilerThread0     6557 8318       4       org.codehaus.plexus.classworlds.realm.ClassRealm::loadClass (7 bytes)

VM state:not at safepoint (normal execution)

VM Mutex/Monitor currently owned by a thread: None

Heap address: 0x0000000706a00000, size: 3990 MB, Compressed Oops mode: Zero based, Oop shift amount: 3
Narrow klass base: 0x0000000800000000, Narrow klass shift: 3
Compressed class space size: 1073741824 Address: 0x0000000800b18000

Heap:
 garbage-first heap   total 168960K, used 110398K [0x0000000706a00000, 0x0000000800000000)
  region size 1024K, 53 young (54272K), 1 survivors (1024K)
 Metaspace       used 41326K, capacity 42541K, committed 42752K, reserved 1087488K
  class space    used 4623K, capacity 5061K, committed 5120K, reserved 1048576K
Heap Regions: E=young(eden), S=young(survivor), O=old, HS=humongous(starts), HC=humongous(continues), CS=collection set, F=free, OA=open archive, CA=closed archive, TAMS=top-at-mark-start (previous, next)
|   0|0x0000000706a00000, 0x0000000706b00000, 0x0000000706b00000|100%| O|  |TAMS 0x0000000706a00000, 0x0000000706a00000| Untracked 
|   1|0x0000000706b00000, 0x0000000706c00000, 0x0000000706c00000|100%| O|  |TAMS 0x0000000706c00000, 0x0000000706b00000| Untracked 
|   2|0x0000000706c00000, 0x0000000706d00000, 0x0000000706d00000|100%| O|  |TAMS 0x0000000706d00000, 0x0000000706c00000| Untracked 
|   3|0x0000000706d00000, 0x0000000706dffff8, 0x0000000706e00000| 99%| O|  |TAMS 0x0000000706dffff8, 0x0000000706d00000| Untracked 
|   4|0x0000000706e00000, 0x0000000706f00000, 0x0000000706f00000|100%| O|  |TAMS 0x0000000706f00000, 0x0000000706e00000| Untracked 
|   5|0x0000000706f00000, 0x0000000707000000, 0x0000000707000000|100%| O|  |TAMS 0x0000000707000000, 0x0000000706f00000| Untracked 
|   6|0x0000000707000000, 0x0000000707100000, 0x0000000707100000|100%| O|  |TAMS 0x0000000707100000, 0x0000000707000000| Untracked 
|   7|0x0000000707100000, 0x0000000707200000, 0x0000000707200000|100%| O|  |TAMS 0x0000000707200000, 0x0000000707100000| Untracked 
|   8|0x0000000707200000, 0x0000000707300000, 0x0000000707300000|100%| O|  |TAMS 0x0000000707300000, 0x0000000707200000| Untracked 
|   9|0x0000000707300000, 0x0000000707400000, 0x0000000707400000|100%| O|  |TAMS 0x0000000707400000, 0x0000000707300000| Untracked 
|  10|0x0000000707400000, 0x0000000707500000, 0x0000000707500000|100%| O|  |TAMS 0x0000000707500000, 0x0000000707400000| Untracked 
|  11|0x0000000707500000, 0x0000000707600000, 0x0000000707600000|100%| O|  |TAMS 0x0000000707600000, 0x0000000707500000| Untracked 
|  12|0x0000000707600000, 0x0000000707700000, 0x0000000707700000|100%| O|  |TAMS 0x0000000707700000, 0x0000000707600000| Untracked 
|  13|0x0000000707700000, 0x0000000707800000, 0x0000000707800000|100%| O|  |TAMS 0x0000000707800000, 0x0000000707700000| Untracked 
|  14|0x0000000707800000, 0x0000000707900000, 0x0000000707900000|100%| O|  |TAMS 0x0000000707900000, 0x0000000707800000| Untracked 
|  15|0x0000000707900000, 0x0000000707a00000, 0x0000000707a00000|100%| O|  |TAMS 0x0000000707a00000, 0x0000000707900000| Untracked 
|  16|0x0000000707a00000, 0x0000000707b00000, 0x0000000707b00000|100%| O|  |TAMS 0x0000000707b00000, 0x0000000707a00000| Untracked 
|  17|0x0000000707b00000, 0x0000000707c00000, 0x0000000707c00000|100%| O|  |TAMS 0x0000000707c00000, 0x0000000707b00000| Untracked 
|  18|0x0000000707c00000, 0x0000000707d00000, 0x0000000707d00000|100%| O|  |TAMS 0x0000000707d00000, 0x0000000707c00000| Untracked 
|  19|0x0000000707d00000, 0x0000000707d00000, 0x0000000707e00000|  0%| F|  |TAMS 0x0000000707d00000, 0x0000000707d00000| Untracked 
|  20|0x0000000707e00000, 0x0000000707f00000, 0x0000000707f00000|100%|HS|  |TAMS 0x0000000707f00000, 0x0000000707e00000| Complete 
|  21|0x0000000707f00000, 0x0000000708000000, 0x0000000708000000|100%| O|  |TAMS 0x0000000708000000, 0x0000000707f00000| Untracked 
|  22|0x0000000708000000, 0x0000000708100000, 0x0000000708100000|100%| O|  |TAMS 0x0000000708100000, 0x0000000708000000| Untracked 
|  23|0x0000000708100000, 0x0000000708200000, 0x0000000708200000|100%| O|  |TAMS 0x0000000708200000, 0x0000000708100000| Untracked 
|  24|0x0000000708200000, 0x0000000708300000, 0x0000000708300000|100%| O|  |TAMS 0x0000000708300000, 0x0000000708200000| Untracked 
|  25|0x0000000708300000, 0x0000000708300000, 0x0000000708400000|  0%| F|  |TAMS 0x0000000708300000, 0x0000000708300000| Untracked 
|  26|0x0000000708400000, 0x0000000708500000, 0x0000000708500000|100%| O|  |TAMS 0x0000000708500000, 0x0000000708400000| Untracked 
|  27|0x0000000708500000, 0x0000000708600000, 0x0000000708600000|100%| O|  |TAMS 0x0000000708600000, 0x0000000708500000| Untracked 
|  28|0x0000000708600000, 0x0000000708700000, 0x0000000708700000|100%| O|  |TAMS 0x0000000708700000, 0x0000000708600000| Untracked 
|  29|0x0000000708700000, 0x0000000708800000, 0x0000000708800000|100%| O|  |TAMS 0x0000000708800000, 0x0000000708700000| Untracked 
|  30|0x0000000708800000, 0x0000000708900000, 0x0000000708900000|100%| O|  |TAMS 0x0000000708900000, 0x0000000708800000| Untracked 
|  31|0x0000000708900000, 0x0000000708900000, 0x0000000708a00000|  0%| F|  |TAMS 0x0000000708900000, 0x0000000708900000| Untracked 
|  32|0x0000000708a00000, 0x0000000708b00000, 0x0000000708b00000|100%| O|  |TAMS 0x0000000708b00000, 0x0000000708a00000| Untracked 
|  33|0x0000000708b00000, 0x0000000708c00000, 0x0000000708c00000|100%|HS|  |TAMS 0x0000000708c00000, 0x0000000708b00000| Complete 
|  34|0x0000000708c00000, 0x0000000708d00000, 0x0000000708d00000|100%| O|  |TAMS 0x0000000708d00000, 0x0000000708c00000| Untracked 
|  35|0x0000000708d00000, 0x0000000708e00000, 0x0000000708e00000|100%| O|  |TAMS 0x0000000708e00000, 0x0000000708d00000| Untracked 
|  36|0x0000000708e00000, 0x0000000708f00000, 0x0000000708f00000|100%| O|  |TAMS 0x0000000708f00000, 0x0000000708e00000| Untracked 
|  37|0x0000000708f00000, 0x0000000709000000, 0x0000000709000000|100%| O|  |TAMS 0x0000000709000000, 0x0000000708f00000| Untracked 
|  38|0x0000000709000000, 0x0000000709100000, 0x0000000709100000|100%| O|  |TAMS 0x0000000709100000, 0x0000000709000000| Untracked 
|  39|0x0000000709100000, 0x0000000709200000, 0x0000000709200000|100%| O|  |TAMS 0x0000000709200000, 0x0000000709100000| Untracked 
|  40|0x0000000709200000, 0x0000000709200000, 0x0000000709300000|  0%| F|  |TAMS 0x0000000709200000, 0x0000000709200000| Untracked 
|  41|0x0000000709300000, 0x0000000709400000, 0x0000000709400000|100%| O|  |TAMS 0x0000000709400000, 0x0000000709300000| Untracked 
|  42|0x0000000709400000, 0x0000000709400000, 0x0000000709500000|  0%| F|  |TAMS 0x0000000709400000, 0x0000000709400000| Untracked 
|  43|0x0000000709500000, 0x0000000709500000, 0x0000000709600000|  0%| F|  |TAMS 0x0000000709500000, 0x0000000709500000| Untracked 
|  44|0x0000000709600000, 0x0000000709600000, 0x0000000709700000|  0%| F|  |TAMS 0x0000000709600000, 0x0000000709600000| Untracked 
|  45|0x0000000709700000, 0x0000000709700000, 0x0000000709800000|  0%| F|  |TAMS 0x0000000709700000, 0x0000000709700000| Untracked 
|  46|0x0000000709800000, 0x0000000709800000, 0x0000000709900000|  0%| F|  |TAMS 0x0000000709800000, 0x0000000709800000| Untracked 
|  47|0x0000000709900000, 0x0000000709900000, 0x0000000709a00000|  0%| F|  |TAMS 0x0000000709900000, 0x0000000709900000| Untracked 
|  48|0x0000000709a00000, 0x0000000709a00000, 0x0000000709b00000|  0%| F|  |TAMS 0x0000000709a00000, 0x0000000709a00000| Untracked 
|  49|0x0000000709b00000, 0x0000000709c00000, 0x0000000709c00000|100%| O|  |TAMS 0x0000000709c00000, 0x0000000709b00000| Untracked 
|  50|0x0000000709c00000, 0x0000000709d00000, 0x0000000709d00000|100%| O|  |TAMS 0x0000000709d00000, 0x0000000709c00000| Untracked 
|  51|0x0000000709d00000, 0x0000000709e00000, 0x0000000709e00000|100%| O|  |TAMS 0x0000000709e00000, 0x0000000709d00000| Untracked 
|  52|0x0000000709e00000, 0x0000000709f00000, 0x0000000709f00000|100%| O|  |TAMS 0x0000000709f00000, 0x0000000709e00000| Untracked 
|  53|0x0000000709f00000, 0x0000000709f00000, 0x000000070a000000|  0%| F|  |TAMS 0x0000000709f00000, 0x0000000709f00000| Untracked 
|  54|0x000000070a000000, 0x000000070a000000, 0x000000070a100000|  0%| F|  |TAMS 0x000000070a000000, 0x000000070a000000| Untracked 
|  55|0x000000070a100000, 0x000000070a200000, 0x000000070a200000|100%| O|  |TAMS 0x000000070a100000, 0x000000070a100000| Untracked 
|  56|0x000000070a200000, 0x000000070a300000, 0x000000070a300000|100%| O|  |TAMS 0x000000070a200000, 0x000000070a200000| Untracked 
|  57|0x000000070a300000, 0x000000070a400000, 0x000000070a400000|100%| O|  |TAMS 0x000000070a300000, 0x000000070a300000| Untracked 
|  58|0x000000070a400000, 0x000000070a500000, 0x000000070a500000|100%| O|  |TAMS 0x000000070a400000, 0x000000070a400000| Untracked 
|  59|0x000000070a500000, 0x000000070a600000, 0x000000070a600000|100%| O|  |TAMS 0x000000070a500000, 0x000000070a500000| Untracked 
|  60|0x000000070a600000, 0x000000070a700000, 0x000000070a700000|100%| O|  |TAMS 0x000000070a600000, 0x000000070a600000| Untracked 
|  61|0x000000070a700000, 0x000000070a800000, 0x000000070a800000|100%| O|  |TAMS 0x000000070a700000, 0x000000070a700000| Untracked 
|  62|0x000000070a800000, 0x000000070a900000, 0x000000070a900000|100%| O|  |TAMS 0x000000070a800000, 0x000000070a800000| Untracked 
|  63|0x000000070a900000, 0x000000070aa00000, 0x000000070aa00000|100%| O|  |TAMS 0x000000070a900000, 0x000000070a900000| Untracked 
|  64|0x000000070aa00000, 0x000000070ab00000, 0x000000070ab00000|100%| O|  |TAMS 0x000000070aa00000, 0x000000070aa00000| Untracked 
|  65|0x000000070ab00000, 0x000000070ac00000, 0x000000070ac00000|100%| O|  |TAMS 0x000000070ab00000, 0x000000070ab00000| Untracked 
|  66|0x000000070ac00000, 0x000000070ac00000, 0x000000070ad00000|  0%| F|  |TAMS 0x000000070ac00000, 0x000000070ac00000| Untracked 
|  67|0x000000070ad00000, 0x000000070ad00000, 0x000000070ae00000|  0%| F|  |TAMS 0x000000070ad00000, 0x000000070ad00000| Untracked 
|  68|0x000000070ae00000, 0x000000070ae00000, 0x000000070af00000|  0%| F|  |TAMS 0x000000070ae00000, 0x000000070ae00000| Untracked 
|  69|0x000000070af00000, 0x000000070af00000, 0x000000070b000000|  0%| F|  |TAMS 0x000000070af00000, 0x000000070af00000| Untracked 
|  70|0x000000070b000000, 0x000000070b000000, 0x000000070b100000|  0%| F|  |TAMS 0x000000070b000000, 0x000000070b000000| Untracked 
|  71|0x000000070b100000, 0x000000070b100000, 0x000000070b200000|  0%| F|  |TAMS 0x000000070b100000, 0x000000070b100000| Untracked 
|  72|0x000000070b200000, 0x000000070b300000, 0x000000070b300000|100%| O|  |TAMS 0x000000070b200000, 0x000000070b200000| Untracked 
|  73|0x000000070b300000, 0x000000070b400000, 0x000000070b400000|100%| O|  |TAMS 0x000000070b300000, 0x000000070b300000| Untracked 
|  74|0x000000070b400000, 0x000000070b400000, 0x000000070b500000|  0%| F|  |TAMS 0x000000070b400000, 0x000000070b400000| Untracked 
|  75|0x000000070b500000, 0x000000070b500000, 0x000000070b600000|  0%| F|  |TAMS 0x000000070b500000, 0x000000070b500000| Untracked 
|  76|0x000000070b600000, 0x000000070b600000, 0x000000070b700000|  0%| F|  |TAMS 0x000000070b600000, 0x000000070b600000| Untracked 
|  77|0x000000070b700000, 0x000000070b700000, 0x000000070b800000|  0%| F|  |TAMS 0x000000070b700000, 0x000000070b700000| Untracked 
|  78|0x000000070b800000, 0x000000070b800000, 0x000000070b900000|  0%| F|  |TAMS 0x000000070b800000, 0x000000070b800000| Untracked 
|  79|0x000000070b900000, 0x000000070b900000, 0x000000070ba00000|  0%| F|  |TAMS 0x000000070b900000, 0x000000070b900000| Untracked 
|  80|0x000000070ba00000, 0x000000070ba00000, 0x000000070bb00000|  0%| F|  |TAMS 0x000000070ba00000, 0x000000070ba00000| Untracked 
|  81|0x000000070bb00000, 0x000000070bb00000, 0x000000070bc00000|  0%| F|  |TAMS 0x000000070bb00000, 0x000000070bb00000| Untracked 
|  82|0x000000070bc00000, 0x000000070bc00000, 0x000000070bd00000|  0%| F|  |TAMS 0x000000070bc00000, 0x000000070bc00000| Untracked 
|  83|0x000000070bd00000, 0x000000070bd00000, 0x000000070be00000|  0%| F|  |TAMS 0x000000070bd00000, 0x000000070bd00000| Untracked 
|  84|0x000000070be00000, 0x000000070be00000, 0x000000070bf00000|  0%| F|  |TAMS 0x000000070be00000, 0x000000070be00000| Untracked 
|  85|0x000000070bf00000, 0x000000070bf00000, 0x000000070c000000|  0%| F|  |TAMS 0x000000070bf00000, 0x000000070bf00000| Untracked 
|  86|0x000000070c000000, 0x000000070c000000, 0x000000070c100000|  0%| F|  |TAMS 0x000000070c000000, 0x000000070c000000| Untracked 
|  87|0x000000070c100000, 0x000000070c100000, 0x000000070c200000|  0%| F|  |TAMS 0x000000070c100000, 0x000000070c100000| Untracked 
|  88|0x000000070c200000, 0x000000070c2feac8, 0x000000070c300000| 99%| S|CS|TAMS 0x000000070c200000, 0x000000070c200000| Complete 
|  89|0x000000070c300000, 0x000000070c300000, 0x000000070c400000|  0%| F|  |TAMS 0x000000070c300000, 0x000000070c300000| Untracked 
|  90|0x000000070c400000, 0x000000070c400000, 0x000000070c500000|  0%| F|  |TAMS 0x000000070c400000, 0x000000070c400000| Untracked 
|  91|0x000000070c500000, 0x000000070c500000, 0x000000070c600000|  0%| F|  |TAMS 0x000000070c500000, 0x000000070c500000| Untracked 
|  92|0x000000070c600000, 0x000000070c600000, 0x000000070c700000|  0%| F|  |TAMS 0x000000070c600000, 0x000000070c600000| Untracked 
|  93|0x000000070c700000, 0x000000070c700000, 0x000000070c800000|  0%| F|  |TAMS 0x000000070c700000, 0x000000070c700000| Untracked 
|  94|0x000000070c800000, 0x000000070c800000, 0x000000070c900000|  0%| F|  |TAMS 0x000000070c800000, 0x000000070c800000| Untracked 
|  95|0x000000070c900000, 0x000000070c900000, 0x000000070ca00000|  0%| F|  |TAMS 0x000000070c900000, 0x000000070c900000| Untracked 
|  96|0x000000070ca00000, 0x000000070ca00000, 0x000000070cb00000|  0%| F|  |TAMS 0x000000070ca00000, 0x000000070ca00000| Untracked 
|  97|0x000000070cb00000, 0x000000070cb00000, 0x000000070cc00000|  0%| F|  |TAMS 0x000000070cb00000, 0x000000070cb00000| Untracked 
|  98|0x000000070cc00000, 0x000000070cc00000, 0x000000070cd00000|  0%| F|  |TAMS 0x000000070cc00000, 0x000000070cc00000| Untracked 
|  99|0x000000070cd00000, 0x000000070cd00000, 0x000000070ce00000|  0%| F|  |TAMS 0x000000070cd00000, 0x000000070cd00000| Untracked 
| 100|0x000000070ce00000, 0x000000070ce00000, 0x000000070cf00000|  0%| F|  |TAMS 0x000000070ce00000, 0x000000070ce00000| Untracked 
| 101|0x000000070cf00000, 0x000000070cf00000, 0x000000070d000000|  0%| F|  |TAMS 0x000000070cf00000, 0x000000070cf00000| Untracked 
| 102|0x000000070d000000, 0x000000070d000000, 0x000000070d100000|  0%| F|  |TAMS 0x000000070d000000, 0x000000070d000000| Untracked 
| 103|0x000000070d100000, 0x000000070d100000, 0x000000070d200000|  0%| F|  |TAMS 0x000000070d100000, 0x000000070d100000| Untracked 
| 104|0x000000070d200000, 0x000000070d200000, 0x000000070d300000|  0%| F|  |TAMS 0x000000070d200000, 0x000000070d200000| Untracked 
| 105|0x000000070d300000, 0x000000070d300000, 0x000000070d400000|  0%| F|  |TAMS 0x000000070d300000, 0x000000070d300000| Untracked 
| 106|0x000000070d400000, 0x000000070d400000, 0x000000070d500000|  0%| F|  |TAMS 0x000000070d400000, 0x000000070d400000| Untracked 
| 107|0x000000070d500000, 0x000000070d500000, 0x000000070d600000|  0%| F|  |TAMS 0x000000070d500000, 0x000000070d500000| Untracked 
| 108|0x000000070d600000, 0x000000070d600000, 0x000000070d700000|  0%| F|  |TAMS 0x000000070d600000, 0x000000070d600000| Untracked 
| 109|0x000000070d700000, 0x000000070d700000, 0x000000070d800000|  0%| F|  |TAMS 0x000000070d700000, 0x000000070d700000| Untracked 
| 110|0x000000070d800000, 0x000000070d800000, 0x000000070d900000|  0%| F|  |TAMS 0x000000070d800000, 0x000000070d800000| Untracked 
| 111|0x000000070d900000, 0x000000070d982010, 0x000000070da00000| 50%| E|  |TAMS 0x000000070d900000, 0x000000070d900000| Complete 
| 112|0x000000070da00000, 0x000000070db00000, 0x000000070db00000|100%| E|CS|TAMS 0x000000070da00000, 0x000000070da00000| Complete 
| 113|0x000000070db00000, 0x000000070dc00000, 0x000000070dc00000|100%| E|CS|TAMS 0x000000070db00000, 0x000000070db00000| Complete 
| 114|0x000000070dc00000, 0x000000070dd00000, 0x000000070dd00000|100%| E|CS|TAMS 0x000000070dc00000, 0x000000070dc00000| Complete 
| 115|0x000000070dd00000, 0x000000070de00000, 0x000000070de00000|100%| E|CS|TAMS 0x000000070dd00000, 0x000000070dd00000| Complete 
| 116|0x000000070de00000, 0x000000070df00000, 0x000000070df00000|100%| E|CS|TAMS 0x000000070de00000, 0x000000070de00000| Complete 
| 117|0x000000070df00000, 0x000000070e000000, 0x000000070e000000|100%| E|CS|TAMS 0x000000070df00000, 0x000000070df00000| Complete 
| 118|0x000000070e000000, 0x000000070e100000, 0x000000070e100000|100%| E|CS|TAMS 0x000000070e000000, 0x000000070e000000| Complete 
| 119|0x000000070e100000, 0x000000070e200000, 0x000000070e200000|100%| E|CS|TAMS 0x000000070e100000, 0x000000070e100000| Complete 
| 120|0x000000070e200000, 0x000000070e300000, 0x000000070e300000|100%| E|CS|TAMS 0x000000070e200000, 0x000000070e200000| Complete 
| 121|0x000000070e300000, 0x000000070e400000, 0x000000070e400000|100%| E|CS|TAMS 0x000000070e300000, 0x000000070e300000| Complete 
| 122|0x000000070e400000, 0x000000070e500000, 0x000000070e500000|100%| E|CS|TAMS 0x000000070e400000, 0x000000070e400000| Complete 
| 123|0x000000070e500000, 0x000000070e600000, 0x000000070e600000|100%| E|CS|TAMS 0x000000070e500000, 0x000000070e500000| Complete 
| 124|0x000000070e600000, 0x000000070e700000, 0x000000070e700000|100%| E|CS|TAMS 0x000000070e600000, 0x000000070e600000| Complete 
| 125|0x000000070e700000, 0x000000070e800000, 0x000000070e800000|100%| E|CS|TAMS 0x000000070e700000, 0x000000070e700000| Complete 
| 126|0x000000070e800000, 0x000000070e900000, 0x000000070e900000|100%| E|CS|TAMS 0x000000070e800000, 0x000000070e800000| Complete 
| 127|0x000000070e900000, 0x000000070ea00000, 0x000000070ea00000|100%| E|CS|TAMS 0x000000070e900000, 0x000000070e900000| Complete 
| 128|0x000000070ea00000, 0x000000070eb00000, 0x000000070eb00000|100%| E|CS|TAMS 0x000000070ea00000, 0x000000070ea00000| Complete 
| 129|0x000000070eb00000, 0x000000070ec00000, 0x000000070ec00000|100%| E|CS|TAMS 0x000000070eb00000, 0x000000070eb00000| Complete 
| 130|0x000000070ec00000, 0x000000070ed00000, 0x000000070ed00000|100%| E|CS|TAMS 0x000000070ec00000, 0x000000070ec00000| Complete 
| 131|0x000000070ed00000, 0x000000070ee00000, 0x000000070ee00000|100%| E|CS|TAMS 0x000000070ed00000, 0x000000070ed00000| Complete 
| 132|0x000000070ee00000, 0x000000070ef00000, 0x000000070ef00000|100%| E|CS|TAMS 0x000000070ee00000, 0x000000070ee00000| Complete 
| 133|0x000000070ef00000, 0x000000070f000000, 0x000000070f000000|100%| E|CS|TAMS 0x000000070ef00000, 0x000000070ef00000| Complete 
| 134|0x000000070f000000, 0x000000070f100000, 0x000000070f100000|100%| E|CS|TAMS 0x000000070f000000, 0x000000070f000000| Complete 
| 135|0x000000070f100000, 0x000000070f200000, 0x000000070f200000|100%| E|CS|TAMS 0x000000070f100000, 0x000000070f100000| Complete 
| 136|0x000000070f200000, 0x000000070f300000, 0x000000070f300000|100%| E|CS|TAMS 0x000000070f200000, 0x000000070f200000| Complete 
| 137|0x000000070f300000, 0x000000070f400000, 0x000000070f400000|100%| E|CS|TAMS 0x000000070f300000, 0x000000070f300000| Complete 
| 138|0x000000070f400000, 0x000000070f500000, 0x000000070f500000|100%| E|CS|TAMS 0x000000070f400000, 0x000000070f400000| Complete 
| 139|0x000000070f500000, 0x000000070f600000, 0x000000070f600000|100%| E|CS|TAMS 0x000000070f500000, 0x000000070f500000| Complete 
| 140|0x000000070f600000, 0x000000070f700000, 0x000000070f700000|100%| E|CS|TAMS 0x000000070f600000, 0x000000070f600000| Complete 
| 141|0x000000070f700000, 0x000000070f800000, 0x000000070f800000|100%| E|CS|TAMS 0x000000070f700000, 0x000000070f700000| Complete 
| 142|0x000000070f800000, 0x000000070f900000, 0x000000070f900000|100%| E|CS|TAMS 0x000000070f800000, 0x000000070f800000| Complete 
| 143|0x000000070f900000, 0x000000070fa00000, 0x000000070fa00000|100%| E|CS|TAMS 0x000000070f900000, 0x000000070f900000| Complete 
| 144|0x000000070fa00000, 0x000000070fb00000, 0x000000070fb00000|100%| E|CS|TAMS 0x000000070fa00000, 0x000000070fa00000| Complete 
| 145|0x000000070fb00000, 0x000000070fc00000, 0x000000070fc00000|100%| E|CS|TAMS 0x000000070fb00000, 0x000000070fb00000| Complete 
| 146|0x000000070fc00000, 0x000000070fd00000, 0x000000070fd00000|100%| E|CS|TAMS 0x000000070fc00000, 0x000000070fc00000| Complete 
| 147|0x000000070fd00000, 0x000000070fe00000, 0x000000070fe00000|100%| E|CS|TAMS 0x000000070fd00000, 0x000000070fd00000| Complete 
| 148|0x000000070fe00000, 0x000000070ff00000, 0x000000070ff00000|100%| E|CS|TAMS 0x000000070fe00000, 0x000000070fe00000| Complete 
| 149|0x000000070ff00000, 0x0000000710000000, 0x0000000710000000|100%| E|CS|TAMS 0x000000070ff00000, 0x000000070ff00000| Complete 
| 150|0x0000000710000000, 0x0000000710100000, 0x0000000710100000|100%| E|CS|TAMS 0x0000000710000000, 0x0000000710000000| Complete 
| 207|0x0000000713900000, 0x0000000713a00000, 0x0000000713a00000|100%| E|CS|TAMS 0x0000000713900000, 0x0000000713900000| Complete 
| 208|0x0000000713a00000, 0x0000000713b00000, 0x0000000713b00000|100%| E|CS|TAMS 0x0000000713a00000, 0x0000000713a00000| Complete 
| 209|0x0000000713b00000, 0x0000000713c00000, 0x0000000713c00000|100%| E|CS|TAMS 0x0000000713b00000, 0x0000000713b00000| Complete 
| 210|0x0000000713c00000, 0x0000000713d00000, 0x0000000713d00000|100%| E|CS|TAMS 0x0000000713c00000, 0x0000000713c00000| Complete 
| 211|0x0000000713d00000, 0x0000000713e00000, 0x0000000713e00000|100%| E|CS|TAMS 0x0000000713d00000, 0x0000000713d00000| Complete 
| 212|0x0000000713e00000, 0x0000000713f00000, 0x0000000713f00000|100%| E|CS|TAMS 0x0000000713e00000, 0x0000000713e00000| Complete 
| 213|0x0000000713f00000, 0x0000000714000000, 0x0000000714000000|100%| E|CS|TAMS 0x0000000713f00000, 0x0000000713f00000| Complete 
| 214|0x0000000714000000, 0x0000000714100000, 0x0000000714100000|100%| E|CS|TAMS 0x0000000714000000, 0x0000000714000000| Complete 
| 215|0x0000000714100000, 0x0000000714200000, 0x0000000714200000|100%| E|CS|TAMS 0x0000000714100000, 0x0000000714100000| Complete 
| 216|0x0000000714200000, 0x0000000714300000, 0x0000000714300000|100%| E|CS|TAMS 0x0000000714200000, 0x0000000714200000| Complete 
| 306|0x0000000719c00000, 0x0000000719d00000, 0x0000000719d00000|100%| E|CS|TAMS 0x0000000719c00000, 0x0000000719c00000| Complete 
|3987|0x00000007ffd00000, 0x00000007ffe00000, 0x00000007ffe00000|100%| E|CS|TAMS 0x00000007ffd00000, 0x00000007ffd00000| Complete 
|3988|0x00000007ffe00000, 0x00000007ffe52000, 0x00000007fff00000| 32%|OA|  |TAMS 0x00000007ffe52000, 0x00000007ffe00000| Untracked 
|3989|0x00000007fff00000, 0x00000007fff7f000, 0x0000000800000000| 49%|CA|  |TAMS 0x00000007fff7f000, 0x00000007fff00000| Untracked 

Card table byte_map: [0x00007fa99dbb9000,0x00007fa99e384000] _byte_map_base: 0x00007fa99a384000

Marking Bits (Prev, Next): (CMBitMap*) 0x00007fa9b807e8c8, (CMBitMap*) 0x00007fa9b807e908
 Prev Bits: [0x00007fa999596000, 0x00007fa99d3ee000)
 Next Bits: [0x00007fa99573e000, 0x00007fa999596000)

Polling page: 0x00007fa9bf5ba000

Metaspace:

Usage:
  Non-class:     36.60 MB capacity,    35.84 MB ( 98%) used,   680.43 KB (  2%) free+waste,    97.00 KB ( <1%) overhead. 
      Class:      4.94 MB capacity,     4.52 MB ( 91%) used,   394.59 KB (  8%) free+waste,    42.88 KB ( <1%) overhead. 
       Both:     41.54 MB capacity,    40.36 MB ( 97%) used,     1.05 MB (  3%) free+waste,   139.88 KB ( <1%) overhead. 

Virtual space:
  Non-class space:       38.00 MB reserved,      36.75 MB ( 97%) committed 
      Class space:        1.00 GB reserved,       5.00 MB ( <1%) committed 
             Both:        1.04 GB reserved,      41.75 MB (  4%) committed 

Chunk freelists:
   Non-Class:  92.00 KB
       Class:  0 bytes
        Both:  92.00 KB

MaxMetaspaceSize: unlimited
CompressedClassSpaceSize: 1.00 GB

CodeHeap 'non-profiled nmethods': size=120028Kb used=4383Kb max_used=4804Kb free=115644Kb
 bounds [0x00007fa9a710d000, 0x00007fa9a75ed000, 0x00007fa9ae644000]
CodeHeap 'profiled nmethods': size=120028Kb used=14585Kb max_used=16758Kb free=105442Kb
 bounds [0x00007fa99fbd6000, 0x00007fa9a0c36000, 0x00007fa9a710d000]
CodeHeap 'non-nmethods': size=5704Kb used=1271Kb max_used=1334Kb free=4432Kb
 bounds [0x00007fa99f644000, 0x00007fa99f8b4000, 0x00007fa99fbd6000]
 total_blobs=11142 nmethods=6844 adapters=462
 compilation: enabled
              stopped_count=0, restarted_count=0
 full_count=0

Compilation events (20 events):
Event: 6.390 Thread 0x00007fa9b8201800 nmethod 8309 0x00007fa99fe9a990 code [0x00007fa99fe9ab40, 0x00007fa99fe9adb0]
Event: 6.390 Thread 0x00007fa9b8201800 8310       3       java.lang.invoke.InvokerBytecodeGenerator::loadInsnOpcode (87 bytes)
Event: 6.390 Thread 0x00007fa9b8201800 nmethod 8310 0x00007fa99fe3c610 code [0x00007fa99fe3c880, 0x00007fa99fe3d430]
Event: 6.390 Thread 0x00007fa9b8201800 8311       3       jdk.internal.org.objectweb.asm.SymbolTable::addConstant (330 bytes)
Event: 6.392 Thread 0x00007fa9b8201800 nmethod 8311 0x00007fa9a0402790 code [0x00007fa9a0402d40, 0x00007fa9a0406430]
Event: 6.392 Thread 0x00007fa9b8201800 8312       3       java.lang.CharacterDataLatin1::isOtherUppercase (18 bytes)
Event: 6.392 Thread 0x00007fa9b8201800 nmethod 8312 0x00007fa9a006d690 code [0x00007fa9a006d840, 0x00007fa9a006da50]
Event: 6.392 Thread 0x00007fa9b8201800 8313       3       java.lang.CharacterDataLatin1::getPropertiesEx (11 bytes)
Event: 6.392 Thread 0x00007fa9b8201800 nmethod 8313 0x00007fa99fe38990 code [0x00007fa99fe38b20, 0x00007fa99fe38c70]
Event: 6.392 Thread 0x00007fa9b8201800 8314       3       java.lang.Module::isExported (18 bytes)
Event: 6.392 Thread 0x00007fa9b8201800 nmethod 8314 0x00007fa99fc3aa90 code [0x00007fa99fc3ac60, 0x00007fa99fc3b080]
Event: 6.394 Thread 0x00007fa9b8201800 8317       3       com.fasterxml.jackson.core.json.WriterBasedJsonGenerator::_writeString (90 bytes)
Event: 6.395 Thread 0x00007fa9b81ff800 8318       4       org.codehaus.plexus.classworlds.realm.ClassRealm::loadClass (7 bytes)
Event: 6.395 Thread 0x00007fa9b8201800 nmethod 8317 0x00007fa99fbe5890 code [0x00007fa99fbe5aa0, 0x00007fa99fbe5f70]
Event: 6.395 Thread 0x00007fa9b8201800 8320       3       java.nio.charset.CharsetDecoder::onUnmappableCharacter (26 bytes)
Event: 6.396 Thread 0x00007fa9b8201800 nmethod 8320 0x00007fa99fd76e90 code [0x00007fa99fd77040, 0x00007fa99fd773c0]
Event: 6.396 Thread 0x00007fa9b8201800 8321       3       java.nio.charset.CharsetDecoder::implOnUnmappableCharacter (1 bytes)
Event: 6.396 Thread 0x00007fa9b8201800 nmethod 8321 0x00007fa9a047bf10 code [0x00007fa9a047c0a0, 0x00007fa9a047c1b0]
Event: 6.396 Thread 0x00007fa9b8201800 8322       3       org.apache.http.util.ByteArrayBuffer::capacity (6 bytes)
Event: 6.396 Thread 0x00007fa9b8201800 nmethod 8322 0x00007fa99fcd8590 code [0x00007fa99fcd8720, 0x00007fa99fcd8850]

GC Heap History (20 events):
Event: 1.576 GC heap before
{Heap before GC invocations=4 (full 0):
 garbage-first heap   total 258048K, used 61389K [0x0000000706a00000, 0x0000000800000000)
  region size 1024K, 42 young (43008K), 9 survivors (9216K)
 Metaspace       used 20154K, capacity 21056K, committed 21248K, reserved 1069056K
  class space    used 2276K, capacity 2496K, committed 2560K, reserved 1048576K
}
Event: 1.580 GC heap after
{Heap after GC invocations=5 (full 0):
 garbage-first heap   total 316416K, used 29002K [0x0000000706a00000, 0x0000000800000000)
  region size 1024K, 10 young (10240K), 10 survivors (10240K)
 Metaspace       used 20154K, capacity 21056K, committed 21248K, reserved 1069056K
  class space    used 2276K, capacity 2496K, committed 2560K, reserved 1048576K
}
Event: 1.831 GC heap before
{Heap before GC invocations=6 (full 0):
 garbage-first heap   total 109568K, used 85322K [0x0000000706a00000, 0x0000000800000000)
  region size 1024K, 64 young (65536K), 10 survivors (10240K)
 Metaspace       used 25304K, capacity 26129K, committed 26496K, reserved 1073152K
  class space    used 2858K, capacity 3079K, committed 3200K, reserved 1048576K
}
Event: 1.840 GC heap after
{Heap after GC invocations=7 (full 0):
 garbage-first heap   total 110592K, used 42617K [0x0000000706a00000, 0x0000000800000000)
  region size 1024K, 8 young (8192K), 8 survivors (8192K)
 Metaspace       used 25304K, capacity 26129K, committed 26496K, reserved 1073152K
  class space    used 2858K, capacity 3079K, committed 3200K, reserved 1048576K
}
Event: 1.916 GC heap before
{Heap before GC invocations=8 (full 0):
 garbage-first heap   total 110592K, used 83577K [0x0000000706a00000, 0x0000000800000000)
  region size 1024K, 49 young (50176K), 8 survivors (8192K)
 Metaspace       used 25322K, capacity 26131K, committed 26496K, reserved 1073152K
  class space    used 2858K, capacity 3079K, committed 3200K, reserved 1048576K
}
Event: 1.922 GC heap after
{Heap after GC invocations=9 (full 0):
 garbage-first heap   total 110592K, used 49538K [0x0000000706a00000, 0x0000000800000000)
  region size 1024K, 7 young (7168K), 7 survivors (7168K)
 Metaspace       used 25322K, capacity 26131K, committed 26496K, reserved 1073152K
  class space    used 2858K, capacity 3079K, committed 3200K, reserved 1048576K
}
Event: 2.064 GC heap before
{Heap before GC invocations=9 (full 0):
 garbage-first heap   total 110592K, used 84354K [0x0000000706a00000, 0x0000000800000000)
  region size 1024K, 40 young (40960K), 7 survivors (7168K)
 Metaspace       used 26200K, capacity 27028K, committed 27264K, reserved 1073152K
  class space    used 2923K, capacity 3157K, committed 3200K, reserved 1048576K
}
Event: 2.074 GC heap after
{Heap after GC invocations=10 (full 0):
 garbage-first heap   total 110592K, used 56317K [0x0000000706a00000, 0x0000000800000000)
  region size 1024K, 5 young (5120K), 5 survivors (5120K)
 Metaspace       used 26200K, capacity 27028K, committed 27264K, reserved 1073152K
  class space    used 2923K, capacity 3157K, committed 3200K, reserved 1048576K
}
Event: 2.406 GC heap before
{Heap before GC invocations=10 (full 0):
 garbage-first heap   total 110592K, used 84989K [0x0000000706a00000, 0x0000000800000000)
  region size 1024K, 33 young (33792K), 5 survivors (5120K)
 Metaspace       used 28685K, capacity 29581K, committed 29824K, reserved 1075200K
  class space    used 3153K, capacity 3429K, committed 3456K, reserved 1048576K
}
Event: 2.416 GC heap after
{Heap after GC invocations=11 (full 0):
 garbage-first heap   total 138240K, used 59901K [0x0000000706a00000, 0x0000000800000000)
  region size 1024K, 3 young (3072K), 3 survivors (3072K)
 Metaspace       used 28685K, capacity 29581K, committed 29824K, reserved 1075200K
  class space    used 3153K, capacity 3429K, committed 3456K, reserved 1048576K
}
Event: 2.577 GC heap before
{Heap before GC invocations=12 (full 0):
 garbage-first heap   total 138240K, used 104957K [0x0000000706a00000, 0x0000000800000000)
  region size 1024K, 47 young (48128K), 3 survivors (3072K)
 Metaspace       used 29942K, capacity 30970K, committed 31232K, reserved 1077248K
  class space    used 3257K, capacity 3569K, committed 3584K, reserved 1048576K
}
Event: 2.582 GC heap after
{Heap after GC invocations=13 (full 0):
 garbage-first heap   total 138240K, used 59901K [0x0000000706a00000, 0x0000000800000000)
  region size 1024K, 4 young (4096K), 4 survivors (4096K)
 Metaspace       used 29942K, capacity 30970K, committed 31232K, reserved 1077248K
  class space    used 3257K, capacity 3569K, committed 3584K, reserved 1048576K
}
Event: 3.449 GC heap before
{Heap before GC invocations=13 (full 0):
 garbage-first heap   total 138240K, used 104957K [0x0000000706a00000, 0x0000000800000000)
  region size 1024K, 46 young (47104K), 4 survivors (4096K)
 Metaspace       used 32551K, capacity 33726K, committed 33920K, reserved 1079296K
  class space    used 3583K, capacity 3954K, committed 3968K, reserved 1048576K
}
Event: 3.454 GC heap after
{Heap after GC invocations=14 (full 0):
 garbage-first heap   total 138240K, used 65440K [0x0000000706a00000, 0x0000000800000000)
  region size 1024K, 4 young (4096K), 4 survivors (4096K)
 Metaspace       used 32551K, capacity 33726K, committed 33920K, reserved 1079296K
  class space    used 3583K, capacity 3954K, committed 3968K, reserved 1048576K
}
Event: 3.598 GC heap before
{Heap before GC invocations=15 (full 0):
 garbage-first heap   total 140288K, used 122784K [0x0000000706a00000, 0x0000000800000000)
  region size 1024K, 47 young (48128K), 4 survivors (4096K)
 Metaspace       used 33255K, capacity 34391K, committed 34560K, reserved 1079296K
  class space    used 3654K, capacity 4026K, committed 4096K, reserved 1048576K
}
Event: 3.603 GC heap after
{Heap after GC invocations=16 (full 0):
 garbage-first heap   total 140288K, used 65070K [0x0000000706a00000, 0x0000000800000000)
  region size 1024K, 5 young (5120K), 5 survivors (5120K)
 Metaspace       used 33255K, capacity 34391K, committed 34560K, reserved 1079296K
  class space    used 3654K, capacity 4026K, committed 4096K, reserved 1048576K
}
Event: 3.610 GC heap before
{Heap before GC invocations=16 (full 0):
 garbage-first heap   total 140288K, used 65070K [0x0000000706a00000, 0x0000000800000000)
  region size 1024K, 6 young (6144K), 5 survivors (5120K)
 Metaspace       used 33389K, capacity 34509K, committed 34816K, reserved 1079296K
  class space    used 3671K, capacity 4064K, committed 4096K, reserved 1048576K
}
Event: 3.619 GC heap after
{Heap after GC invocations=17 (full 0):
 garbage-first heap   total 168960K, used 58023K [0x0000000706a00000, 0x0000000800000000)
  region size 1024K, 1 young (1024K), 1 survivors (1024K)
 Metaspace       used 33389K, capacity 34509K, committed 34816K, reserved 1079296K
  class space    used 3671K, capacity 4064K, committed 4096K, reserved 1048576K
}
Event: 3.741 GC heap before
{Heap before GC invocations=17 (full 0):
 garbage-first heap   total 168960K, used 132775K [0x0000000706a00000, 0x0000000800000000)
  region size 1024K, 74 young (75776K), 1 survivors (1024K)
 Metaspace       used 34344K, capacity 35531K, committed 35712K, reserved 1081344K
  class space    used 3769K, capacity 4172K, committed 4224K, reserved 1048576K
}
Event: 3.743 GC heap after
{Heap after GC invocations=18 (full 0):
 garbage-first heap   total 168960K, used 58174K [0x0000000706a00000, 0x0000000800000000)
  region size 1024K, 1 young (1024K), 1 survivors (1024K)
 Metaspace       used 34344K, capacity 35531K, committed 35712K, reserved 1081344K
  class space    used 3769K, capacity 4172K, committed 4224K, reserved 1048576K
}

Deoptimization events (20 events):
Event: 6.325 Thread 0x00007fa9b8018000 Uncommon trap: trap_request=0xffffff5c fr.pc=0x00007fa9a75d8c30 relative=0x000000000000a030
Event: 6.325 Thread 0x00007fa9b8018000 Uncommon trap: reason=speculate_null_check action=make_not_entrant pc=0x00007fa9a75d8c30 method=java.net.URLClassLoader.findClass(Ljava/lang/String;)Ljava/lang/Class; @ 33 c2
Event: 6.325 Thread 0x00007fa9b8018000 DEOPT PACKING pc=0x00007fa9a75d8c30 sp=0x00007fa9bf5a2f90
Event: 6.325 Thread 0x00007fa9b8018000 DEOPT UNPACKING pc=0x00007fa99f68ce25 sp=0x00007fa9bf5a2c28 mode 2
Event: 6.326 Thread 0x00007fa9b8018000 Uncommon trap: trap_request=0xffffff5c fr.pc=0x00007fa9a75c4144 relative=0x0000000000005564
Event: 6.326 Thread 0x00007fa9b8018000 Uncommon trap: reason=speculate_null_check action=make_not_entrant pc=0x00007fa9a75c4144 method=java.net.URLClassLoader.findClass(Ljava/lang/String;)Ljava/lang/Class; @ 33 c2
Event: 6.326 Thread 0x00007fa9b8018000 DEOPT PACKING pc=0x00007fa9a75c4144 sp=0x00007fa9bf5a2990
Event: 6.326 Thread 0x00007fa9b8018000 DEOPT UNPACKING pc=0x00007fa99f68ce25 sp=0x00007fa9bf5a29a0 mode 2
Event: 6.333 Thread 0x00007fa9b8018000 Uncommon trap: trap_request=0xffffffde fr.pc=0x00007fa9a73236a0 relative=0x0000000000000080
Event: 6.333 Thread 0x00007fa9b8018000 Uncommon trap: reason=class_check action=maybe_recompile pc=0x00007fa9a73236a0 method=java.util.Collections$UnmodifiableMap.isEmpty()Z @ 4 c2
Event: 6.333 Thread 0x00007fa9b8018000 DEOPT PACKING pc=0x00007fa9a73236a0 sp=0x00007fa9bf5a34b0
Event: 6.333 Thread 0x00007fa9b8018000 DEOPT UNPACKING pc=0x00007fa99f68ce25 sp=0x00007fa9bf5a3460 mode 2
Event: 6.336 Thread 0x00007fa9b8018000 Uncommon trap: trap_request=0xffffffde fr.pc=0x00007fa9a72f5470 relative=0x0000000000000430
Event: 6.336 Thread 0x00007fa9b8018000 Uncommon trap: reason=class_check action=maybe_recompile pc=0x00007fa9a72f5470 method=java.util.Collections$UnmodifiableMap.entrySet()Ljava/util/Set; @ 16 c2
Event: 6.336 Thread 0x00007fa9b8018000 DEOPT PACKING pc=0x00007fa9a72f5470 sp=0x00007fa9bf5a3020
Event: 6.336 Thread 0x00007fa9b8018000 DEOPT UNPACKING pc=0x00007fa99f68ce25 sp=0x00007fa9bf5a2fe8 mode 2
Event: 6.336 Thread 0x00007fa9b8018000 Uncommon trap: trap_request=0xffffffde fr.pc=0x00007fa9a7331084 relative=0x0000000000000484
Event: 6.336 Thread 0x00007fa9b8018000 Uncommon trap: reason=class_check action=maybe_recompile pc=0x00007fa9a7331084 method=java.util.Collections$UnmodifiableMap$UnmodifiableEntrySet$1.<init>(Ljava/util/Collections$UnmodifiableMap$UnmodifiableEntrySet;)V @ 17 c2
Event: 6.336 Thread 0x00007fa9b8018000 DEOPT PACKING pc=0x00007fa9a7331084 sp=0x00007fa9bf5a3020
Event: 6.336 Thread 0x00007fa9b8018000 DEOPT UNPACKING pc=0x00007fa99f68ce25 sp=0x00007fa9bf5a2f88 mode 2

Classes unloaded (0 events):
No events

Classes redefined (0 events):
No events

Internal exceptions (20 events):
Event: 2.513 Thread 0x00007fa9b922a000 Exception <a 'java/lang/NoSuchMethodError'{0x000000070dabd938}: 'java.lang.Object java.lang.invoke.DirectMethodHandle$Holder.invokeStaticInit(java.lang.Object, java.lang.Object, long, java.lang.Object)'> (0x000000070dabd938) 
thrown [src/hotspot/share/interpreter/linkResolver.cpp, line 766]
Event: 2.513 Thread 0x00007fa9b922a000 Exception <a 'java/lang/NoSuchMethodError'{0x000000070dac3340}: 'java.lang.Object java.lang.invoke.Invokers$Holder.linkToTargetMethod(java.lang.Object, long, java.lang.Object)'> (0x000000070dac3340) 
thrown [src/hotspot/share/interpreter/linkResolver.cpp, line 766]
Event: 2.514 Thread 0x00007fa9b8018000 Exception <a 'java/lang/NoSuchMethodError'{0x000000070d83c048}: 'java.lang.String org.apache.maven.execution.MavenExecutionRequest.getFailureBehavior()'> (0x000000070d83c048) 
thrown [src/hotspot/share/interpreter/linkResolver.cpp, line 861]
Event: 2.524 Thread 0x00007fa9b8018000 Implicit null exception at 0x00007fa9a7333b6f to 0x00007fa9a73344f0
Event: 2.619 Thread 0x00007fa9b8018000 Exception <a 'java/lang/NoSuchMethodError'{0x0000000713cc0298}: 'java.lang.Object java.lang.invoke.DirectMethodHandle$Holder.invokeStatic(java.lang.Object, java.lang.Object, java.lang.Object, int)'> (0x0000000713cc0298) 
thrown [src/hotspot/share/interpreter/linkResolver.cpp, line 766]
Event: 2.619 Thread 0x00007fa9b8018000 Exception <a 'java/lang/NoSuchMethodError'{0x0000000713cc39c0}: 'java.lang.Object java.lang.invoke.DirectMethodHandle$Holder.invokeSpecial(java.lang.Object, java.lang.Object, java.lang.Object, java.lang.Object, int)'> (0x0000000713cc39c0) 
thrown [src/hotspot/share/interpreter/linkResolver.cpp, line 766]
Event: 2.619 Thread 0x00007fa9b8018000 Exception <a 'java/lang/NoSuchMethodError'{0x0000000713cc6a80}: 'java.lang.Object java.lang.invoke.Invokers$Holder.linkToTargetMethod(java.lang.Object, java.lang.Object, int, java.lang.Object)'> (0x0000000713cc6a80) 
thrown [src/hotspot/share/interpreter/linkResolver.cpp, line 766]
Event: 3.305 Thread 0x00007fa9b8018000 Exception <a 'sun/nio/fs/UnixException'{0x000000070e1d1f58}> (0x000000070e1d1f58) 
thrown [src/hotspot/share/prims/jni.cpp, line 599]
Event: 3.305 Thread 0x00007fa9b8018000 Exception <a 'java/lang/reflect/InvocationTargetException'{0x000000070e1d2568}> (0x000000070e1d2568) 
thrown [src/hotspot/share/runtime/reflection.cpp, line 1188]
Event: 3.501 Thread 0x00007fa9b8018000 Implicit null exception at 0x00007fa9a7267af9 to 0x00007fa9a7267e2f
Event: 3.912 Thread 0x00007fa9b8018000 Exception <a 'java/lang/NoSuchMethodError'{0x000000070e6ba948}: 'void java.lang.invoke.DirectMethodHandle$Holder.invokeStaticInit(java.lang.Object, java.lang.Object)'> (0x000000070e6ba948) 
thrown [src/hotspot/share/interpreter/linkResolver.cpp, line 766]
Event: 3.941 Thread 0x00007fa9b8018000 Exception <a 'java/lang/NoSuchMethodError'{0x000000070e3cc6d0}: 'int java.lang.invoke.DirectMethodHandle$Holder.invokeStaticInit(java.lang.Object, java.lang.Object, java.lang.Object, java.lang.Object)'> (0x000000070e3cc6d0) 
thrown [src/hotspot/share/interpreter/linkResolver.cpp, line 766]
Event: 3.941 Thread 0x00007fa9b8018000 Exception <a 'java/lang/IncompatibleClassChangeError'{0x000000070e3d49c8}: Found class java.lang.Object, but interface was expected> (0x000000070e3d49c8) 
thrown [src/hotspot/share/interpreter/linkResolver.cpp, line 832]
Event: 3.951 Thread 0x00007fa9b8018000 Implicit null exception at 0x00007fa9a732778d to 0x00007fa9a7327a84
Event: 5.009 Thread 0x00007fa9b8018000 Exception <a 'java/lang/NoSuchMethodError'{0x000000070e1b6a58}: 'void java.lang.invoke.DirectMethodHandle$Holder.invokeStatic(java.lang.Object, java.lang.Object, java.lang.Object, java.lang.Object)'> (0x000000070e1b6a58) 
thrown [src/hotspot/share/interpreter/linkResolver.cpp, line 766]
Event: 6.325 Thread 0x00007fa9b8018000 Implicit null exception at 0x00007fa9a75d10ed to 0x00007fa9a75d8c04
Event: 6.326 Thread 0x00007fa9b8018000 Implicit null exception at 0x00007fa9a75bf494 to 0x00007fa9a75c4130
Event: 6.389 Thread 0x00007fa9b8018000 Exception <a 'java/lang/NoSuchMethodError'{0x000000070da632b0}: 'java.lang.Object java.lang.invoke.Invokers$Holder.invokeExact_MT(java.lang.Object, java.lang.Object, java.lang.Object, java.lang.Object, java.lang.Object, java.lang.Object)'> (0x000000070da632b0) 
thrown [src/hotspot/share/interpreter/linkResolver.cpp, line 766]
Event: 6.393 Thread 0x00007fa9b8018000 Exception <a 'java/lang/NoSuchMethodError'{0x000000070dacf290}: 'void java.lang.invoke.DirectMethodHandle$Holder.invokeVirtual(java.lang.Object, java.lang.Object, java.lang.Object, java.lang.Object)'> (0x000000070dacf290) 
thrown [src/hotspot/share/interpreter/linkResolver.cpp, line 766]
Event: 6.394 Thread 0x00007fa9b8018000 Exception <a 'java/lang/NoSuchMethodError'{0x000000070dad8940}: 'java.lang.Object java.lang.invoke.DirectMethodHandle$Holder.invokeVirtual(java.lang.Object, java.lang.Object, java.lang.Object, java.lang.Object)'> (0x000000070dad8940) 
thrown [src/hotspot/share/interpreter/linkResolver.cpp, line 766]

Events (20 events):
Event: 6.327 loading class java/util/stream/IntPipeline$StatefulOp done
Event: 6.327 loading class java/util/stream/SliceOps$2 done
Event: 6.327 Executing VM operation: HandshakeAllThreads
Event: 6.327 Executing VM operation: HandshakeAllThreads done
Event: 6.328 loading class java/util/function/ObjIntConsumer
Event: 6.328 loading class java/util/function/ObjIntConsumer done
Event: 6.328 loading class java/util/stream/ReduceOps$8
Event: 6.328 loading class java/util/stream/ReduceOps$8 done
Event: 6.328 loading class java/util/stream/ReduceOps$7ReducingSink
Event: 6.328 loading class java/util/stream/ReduceOps$7ReducingSink done
Event: 6.328 loading class java/util/stream/SliceOps$2$1
Event: 6.328 loading class java/util/stream/SliceOps$2$1 done
Event: 6.330 loading class java/time/OffsetDateTime
Event: 6.330 loading class java/time/OffsetDateTime done
Event: 6.336 loading class java/nio/channels/ClosedChannelException
Event: 6.336 loading class java/nio/channels/ClosedChannelException done
Event: 6.338 Executing VM operation: HandshakeAllThreads
Event: 6.338 Executing VM operation: HandshakeAllThreads done
Event: 6.389 loading class java/util/function/ToIntFunction
Event: 6.389 loading class java/util/function/ToIntFunction done


Dynamic libraries:
706a00000-710100000 rw-p 00000000 00:00 0 
710100000-713900000 ---p 00000000 00:00 0 
713900000-714300000 rw-p 00000000 00:00 0 
714300000-719c00000 ---p 00000000 00:00 0 
719c00000-719d00000 rw-p 00000000 00:00 0 
719d00000-7ffd00000 ---p 00000000 00:00 0 
7ffd00000-7ffe00000 rw-p 00000000 00:00 0 
7ffe00000-7ffe52000 rw-p 00bc5000 08:16 6163836                          /usr/lib/jvm/java-14-openjdk-amd64/lib/server/classes.jsa
7ffe52000-7fff00000 rw-p 00000000 00:00 0 
7fff00000-7fff7f000 rw-p 00b46000 08:16 6163836                          /usr/lib/jvm/java-14-openjdk-amd64/lib/server/classes.jsa
7fff7f000-800000000 rw-p 00000000 00:00 0 
800000000-800003000 rwxp 00001000 08:16 6163836                          /usr/lib/jvm/java-14-openjdk-amd64/lib/server/classes.jsa
800003000-8003e7000 rw-p 00004000 08:16 6163836                          /usr/lib/jvm/java-14-openjdk-amd64/lib/server/classes.jsa
8003e7000-800b17000 r--p 003e8000 08:16 6163836                          /usr/lib/jvm/java-14-openjdk-amd64/lib/server/classes.jsa
800b17000-800b18000 rw-p 00b18000 08:16 6163836                          /usr/lib/jvm/java-14-openjdk-amd64/lib/server/classes.jsa
800b18000-801018000 rw-p 00000000 00:00 0 
801018000-840b18000 ---p 00000000 00:00 0 
5639946be000-5639946bf000 r-xp 00000000 08:16 5904492                    /usr/lib/jvm/java-14-openjdk-amd64/bin/java
5639948bf000-5639948c0000 r--p 00001000 08:16 5904492                    /usr/lib/jvm/java-14-openjdk-amd64/bin/java
5639948c0000-5639948c1000 rw-p 00002000 08:16 5904492                    /usr/lib/jvm/java-14-openjdk-amd64/bin/java
563995d8d000-563995dae000 rw-p 00000000 00:00 0                          [heap]
7fa8e0000000-7fa8e0047000 rw-p 00000000 00:00 0 
7fa8e0047000-7fa8e4000000 ---p 00000000 00:00 0 
7fa8e4000000-7fa8e4047000 rw-p 00000000 00:00 0 
7fa8e4047000-7fa8e8000000 ---p 00000000 00:00 0 
7fa8e8000000-7fa8e8045000 rw-p 00000000 00:00 0 
7fa8e8045000-7fa8ec000000 ---p 00000000 00:00 0 
7fa8ec000000-7fa8ec047000 rw-p 00000000 00:00 0 
7fa8ec047000-7fa8f0000000 ---p 00000000 00:00 0 
7fa8f0000000-7fa8f0045000 rw-p 00000000 00:00 0 
7fa8f0045000-7fa8f4000000 ---p 00000000 00:00 0 
7fa8f4000000-7fa8f4045000 rw-p 00000000 00:00 0 
7fa8f4045000-7fa8f8000000 ---p 00000000 00:00 0 
7fa8f8000000-7fa8f8046000 rw-p 00000000 00:00 0 
7fa8f8046000-7fa8fc000000 ---p 00000000 00:00 0 
7fa8fc000000-7fa8fc046000 rw-p 00000000 00:00 0 
7fa8fc046000-7fa900000000 ---p 00000000 00:00 0 
7fa900000000-7fa900021000 rw-p 00000000 00:00 0 
7fa900021000-7fa904000000 ---p 00000000 00:00 0 
7fa904000000-7fa904046000 rw-p 00000000 00:00 0 
7fa904046000-7fa908000000 ---p 00000000 00:00 0 
7fa908000000-7fa908047000 rw-p 00000000 00:00 0 
7fa908047000-7fa90c000000 ---p 00000000 00:00 0 
7fa90c000000-7fa90c057000 rw-p 00000000 00:00 0 
7fa90c057000-7fa910000000 ---p 00000000 00:00 0 
7fa910000000-7fa910021000 rw-p 00000000 00:00 0 
7fa910021000-7fa914000000 ---p 00000000 00:00 0 
7fa914000000-7fa914045000 rw-p 00000000 00:00 0 
7fa914045000-7fa918000000 ---p 00000000 00:00 0 
7fa918000000-7fa918021000 rw-p 00000000 00:00 0 
7fa918021000-7fa91c000000 ---p 00000000 00:00 0 
7fa91c000000-7fa91c021000 rw-p 00000000 00:00 0 
7fa91c021000-7fa920000000 ---p 00000000 00:00 0 
7fa920000000-7fa920021000 rw-p 00000000 00:00 0 
7fa920021000-7fa924000000 ---p 00000000 00:00 0 
7fa924000000-7fa924021000 rw-p 00000000 00:00 0 
7fa924021000-7fa928000000 ---p 00000000 00:00 0 
7fa928000000-7fa928021000 rw-p 00000000 00:00 0 
7fa928021000-7fa92c000000 ---p 00000000 00:00 0 
7fa92c000000-7fa92c021000 rw-p 00000000 00:00 0 
7fa92c021000-7fa930000000 ---p 00000000 00:00 0 
7fa930000000-7fa930021000 rw-p 00000000 00:00 0 
7fa930021000-7fa934000000 ---p 00000000 00:00 0 
7fa934000000-7fa934021000 rw-p 00000000 00:00 0 
7fa934021000-7fa938000000 ---p 00000000 00:00 0 
7fa938000000-7fa938021000 rw-p 00000000 00:00 0 
7fa938021000-7fa93c000000 ---p 00000000 00:00 0 
7fa93c000000-7fa93c021000 rw-p 00000000 00:00 0 
7fa93c021000-7fa940000000 ---p 00000000 00:00 0 
7fa940000000-7fa940021000 rw-p 00000000 00:00 0 
7fa940021000-7fa944000000 ---p 00000000 00:00 0 
7fa9442bf000-7fa94437f000 rw-p 00000000 00:00 0 
7fa94437f000-7fa9444bf000 ---p 00000000 00:00 0 
7fa9444bf000-7fa9444c1000 r-xp 00000000 08:16 6163804                    /usr/lib/jvm/java-14-openjdk-amd64/lib/libextnet.so
7fa9444c1000-7fa9446c0000 ---p 00002000 08:16 6163804                    /usr/lib/jvm/java-14-openjdk-amd64/lib/libextnet.so
7fa9446c0000-7fa9446c1000 r--p 00001000 08:16 6163804                    /usr/lib/jvm/java-14-openjdk-amd64/lib/libextnet.so
7fa9446c1000-7fa9446c2000 rw-p 00002000 08:16 6163804                    /usr/lib/jvm/java-14-openjdk-amd64/lib/libextnet.so
7fa9446c2000-7fa9446da000 r-xp 00000000 08:16 1978730                    /home/ram/.cache/JNA/temp/jna1197645071144426124.tmp (deleted)
7fa9446da000-7fa9448da000 ---p 00018000 08:16 1978730                    /home/ram/.cache/JNA/temp/jna1197645071144426124.tmp (deleted)
7fa9448da000-7fa9448db000 rw-p 00018000 08:16 1978730                    /home/ram/.cache/JNA/temp/jna1197645071144426124.tmp (deleted)
7fa9448db000-7fa944adb000 rw-p 00000000 00:00 0 
7fa944adb000-7fa944cdb000 rw-p 00000000 00:00 0 
7fa944cdb000-7fa944edb000 rw-p 00000000 00:00 0 
7fa944edb000-7fa944edc000 ---p 00000000 00:00 0 
7fa944edc000-7fa944fdd000 rw-p 00000000 00:00 0 
7fa944fdd000-7fa944fde000 ---p 00000000 00:00 0 
7fa944fde000-7fa9450df000 rw-p 00000000 00:00 0 
7fa9450df000-7fa9450e0000 ---p 00000000 00:00 0 
7fa9450e0000-7fa9451e1000 rw-p 00000000 00:00 0 
7fa9451e1000-7fa9451e5000 ---p 00000000 00:00 0 
7fa9451e5000-7fa9452e2000 rw-p 00000000 00:00 0 
7fa9452e2000-7fa9452e6000 ---p 00000000 00:00 0 
7fa9452e6000-7fa9453e3000 rw-p 00000000 00:00 0 
7fa9453e3000-7fa9453e7000 ---p 00000000 00:00 0 
7fa9453e7000-7fa9454e4000 rw-p 00000000 00:00 0 
7fa9454e4000-7fa9454e8000 ---p 00000000 00:00 0 
7fa9454e8000-7fa9455e5000 rw-p 00000000 00:00 0 
7fa9455e5000-7fa9455e9000 ---p 00000000 00:00 0 
7fa9455e9000-7fa9456e6000 rw-p 00000000 00:00 0 
7fa9456e6000-7fa9456ea000 ---p 00000000 00:00 0 
7fa9456ea000-7fa9459e7000 rw-p 00000000 00:00 0 
7fa9459e7000-7fa9459eb000 ---p 00000000 00:00 0 
7fa9459eb000-7fa945ae8000 rw-p 00000000 00:00 0 
7fa945ae8000-7fa945aec000 ---p 00000000 00:00 0 
7fa945aec000-7fa945be9000 rw-p 00000000 00:00 0 
7fa945be9000-7fa945bed000 ---p 00000000 00:00 0 
7fa945bed000-7fa945cea000 rw-p 00000000 00:00 0 
7fa945cea000-7fa945cee000 ---p 00000000 00:00 0 
7fa945cee000-7fa945deb000 rw-p 00000000 00:00 0 
7fa945deb000-7fa945def000 ---p 00000000 00:00 0 
7fa945def000-7fa945eec000 rw-p 00000000 00:00 0 
7fa945eec000-7fa945ef0000 ---p 00000000 00:00 0 
7fa945ef0000-7fa945fed000 rw-p 00000000 00:00 0 
7fa945fed000-7fa945ff1000 ---p 00000000 00:00 0 
7fa945ff1000-7fa9460ee000 rw-p 00000000 00:00 0 
7fa9460ee000-7fa9460f2000 ---p 00000000 00:00 0 
7fa9460f2000-7fa9461ef000 rw-p 00000000 00:00 0 
7fa9461ef000-7fa9461f3000 ---p 00000000 00:00 0 
7fa9461f3000-7fa9462f0000 rw-p 00000000 00:00 0 
7fa9462f0000-7fa9462f4000 ---p 00000000 00:00 0 
7fa9462f4000-7fa9463f1000 rw-p 00000000 00:00 0 
7fa9463f1000-7fa9463f5000 ---p 00000000 00:00 0 
7fa9463f5000-7fa9466f2000 rw-p 00000000 00:00 0 
7fa9466f2000-7fa9468f2000 rw-p 00000000 00:00 0 
7fa9468f2000-7fa946af2000 rw-p 00000000 00:00 0 
7fa946af2000-7fa946cf2000 rw-p 00000000 00:00 0 
7fa946cf2000-7fa946cf3000 ---p 00000000 00:00 0 
7fa946cf3000-7fa946df4000 rw-p 00000000 00:00 0 
7fa946df4000-7fa946df5000 ---p 00000000 00:00 0 
7fa946df5000-7fa9470f6000 rw-p 00000000 00:00 0 
7fa9470f6000-7fa9472f6000 rw-p 00000000 00:00 0 
7fa9472f6000-7fa9474f6000 rw-p 00000000 00:00 0 
7fa9474f6000-7fa9476f6000 rw-p 00000000 00:00 0 
7fa9476f6000-7fa9478f6000 rw-p 00000000 00:00 0 
7fa9478f6000-7fa947af6000 rw-p 00000000 00:00 0 
7fa947af6000-7fa947af7000 ---p 00000000 00:00 0 
7fa947af7000-7fa947bf8000 rw-p 00000000 00:00 0 
7fa947bf8000-7fa947bf9000 ---p 00000000 00:00 0 
7fa947bf9000-7fa947cfa000 rw-p 00000000 00:00 0 
7fa947cfa000-7fa947cfb000 ---p 00000000 00:00 0 
7fa947cfb000-7fa947dfc000 rw-p 00000000 00:00 0 
7fa947dfc000-7fa947dfd000 ---p 00000000 00:00 0 
7fa947dfd000-7fa947efe000 rw-p 00000000 00:00 0 
7fa947efe000-7fa947eff000 ---p 00000000 00:00 0 
7fa947eff000-7fa948000000 rw-p 00000000 00:00 0 
7fa948000000-7fa949ef3000 rw-p 00000000 00:00 0 
7fa949ef3000-7fa94c000000 ---p 00000000 00:00 0 
7fa94c000000-7fa94d171000 rw-p 00000000 00:00 0 
7fa94d171000-7fa950000000 ---p 00000000 00:00 0 
7fa950000000-7fa950021000 rw-p 00000000 00:00 0 
7fa950021000-7fa954000000 ---p 00000000 00:00 0 
7fa954000000-7fa954021000 rw-p 00000000 00:00 0 
7fa954021000-7fa958000000 ---p 00000000 00:00 0 
7fa958000000-7fa958271000 rw-p 00000000 00:00 0 
7fa958271000-7fa95c000000 ---p 00000000 00:00 0 
7fa95c000000-7fa95c021000 rw-p 00000000 00:00 0 
7fa95c021000-7fa960000000 ---p 00000000 00:00 0 
7fa960000000-7fa961cd3000 rw-p 00000000 00:00 0 
7fa961cd3000-7fa964000000 ---p 00000000 00:00 0 
7fa964000000-7fa964b7d000 rw-p 00000000 00:00 0 
7fa964b7d000-7fa968000000 ---p 00000000 00:00 0 
7fa968000000-7fa968021000 rw-p 00000000 00:00 0 
7fa968021000-7fa96c000000 ---p 00000000 00:00 0 
7fa96c000000-7fa96c021000 rw-p 00000000 00:00 0 
7fa96c021000-7fa970000000 ---p 00000000 00:00 0 
7fa970000000-7fa970021000 rw-p 00000000 00:00 0 
7fa970021000-7fa974000000 ---p 00000000 00:00 0 
7fa974000000-7fa974021000 rw-p 00000000 00:00 0 
7fa974021000-7fa978000000 ---p 00000000 00:00 0 
7fa978000000-7fa978021000 rw-p 00000000 00:00 0 
7fa978021000-7fa97c000000 ---p 00000000 00:00 0 
7fa97c000000-7fa97c0c1000 rw-p 00000000 00:00 0 
7fa97c0c1000-7fa980000000 ---p 00000000 00:00 0 
7fa980000000-7fa980021000 rw-p 00000000 00:00 0 
7fa980021000-7fa984000000 ---p 00000000 00:00 0 
7fa9840f2000-7fa9840f6000 ---p 00000000 00:00 0 
7fa9840f6000-7fa9841f3000 rw-p 00000000 00:00 0 
7fa9841f3000-7fa9841f7000 ---p 00000000 00:00 0 
7fa9841f7000-7fa9842f4000 rw-p 00000000 00:00 0 
7fa9842f4000-7fa984301000 r-xp 00000000 08:16 6163831                    /usr/lib/jvm/java-14-openjdk-amd64/lib/libverify.so
7fa984301000-7fa984500000 ---p 0000d000 08:16 6163831                    /usr/lib/jvm/java-14-openjdk-amd64/lib/libverify.so
7fa984500000-7fa984502000 r--p 0000c000 08:16 6163831                    /usr/lib/jvm/java-14-openjdk-amd64/lib/libverify.so
7fa984502000-7fa984503000 rw-p 0000e000 08:16 6163831                    /usr/lib/jvm/java-14-openjdk-amd64/lib/libverify.so
7fa984503000-7fa984517000 r-xp 00000000 08:16 6163824                    /usr/lib/jvm/java-14-openjdk-amd64/lib/libnet.so
7fa984517000-7fa984716000 ---p 00014000 08:16 6163824                    /usr/lib/jvm/java-14-openjdk-amd64/lib/libnet.so
7fa984716000-7fa984717000 r--p 00013000 08:16 6163824                    /usr/lib/jvm/java-14-openjdk-amd64/lib/libnet.so
7fa984717000-7fa984718000 rw-p 00014000 08:16 6163824                    /usr/lib/jvm/java-14-openjdk-amd64/lib/libnet.so
7fa984718000-7fa98472a000 r-xp 00000000 08:16 6163825                    /usr/lib/jvm/java-14-openjdk-amd64/lib/libnio.so
7fa98472a000-7fa984929000 ---p 00012000 08:16 6163825                    /usr/lib/jvm/java-14-openjdk-amd64/lib/libnio.so
7fa984929000-7fa98492a000 r--p 00011000 08:16 6163825                    /usr/lib/jvm/java-14-openjdk-amd64/lib/libnio.so
7fa98492a000-7fa98492b000 rw-p 00012000 08:16 6163825                    /usr/lib/jvm/java-14-openjdk-amd64/lib/libnio.so
7fa98492b000-7fa98492f000 ---p 00000000 00:00 0 
7fa98492f000-7fa984a2c000 rw-p 00000000 00:00 0 
7fa984a2c000-7fa984a2d000 ---p 00000000 00:00 0 
7fa984a2d000-7fa984b2e000 rw-p 00000000 00:00 0 
7fa984b2e000-7fa984b32000 ---p 00000000 00:00 0 
7fa984b32000-7fa984c2f000 rw-p 00000000 00:00 0 
7fa984c2f000-7fa984c33000 ---p 00000000 00:00 0 
7fa984c33000-7fa984d30000 rw-p 00000000 00:00 0 
7fa984d30000-7fa984d34000 ---p 00000000 00:00 0 
7fa984d34000-7fa984e31000 rw-p 00000000 00:00 0 
7fa984e31000-7fa985800000 r--p 00000000 08:16 5773938                    /usr/lib/locale/locale-archive
7fa985800000-7fa988000000 rw-p 00000000 00:00 0 
7fa988000000-7fa988021000 rw-p 00000000 00:00 0 
7fa988021000-7fa98c000000 ---p 00000000 00:00 0 
7fa98c000000-7fa98c021000 rw-p 00000000 00:00 0 
7fa98c021000-7fa990000000 ---p 00000000 00:00 0 
7fa990000000-7fa990021000 rw-p 00000000 00:00 0 
7fa990021000-7fa994000000 ---p 00000000 00:00 0 
7fa994045000-7fa994049000 ---p 00000000 00:00 0 
7fa994049000-7fa994146000 rw-p 00000000 00:00 0 
7fa994146000-7fa99414a000 ---p 00000000 00:00 0 
7fa99414a000-7fa994247000 rw-p 00000000 00:00 0 
7fa994247000-7fa99424b000 ---p 00000000 00:00 0 
7fa99424b000-7fa994348000 rw-p 00000000 00:00 0 
7fa994348000-7fa99434c000 ---p 00000000 00:00 0 
7fa99434c000-7fa994449000 rw-p 00000000 00:00 0 
7fa994449000-7fa99444d000 ---p 00000000 00:00 0 
7fa99444d000-7fa99454a000 rw-p 00000000 00:00 0 
7fa99454a000-7fa99454b000 ---p 00000000 00:00 0 
7fa99454b000-7fa994728000 rw-p 00000000 00:00 0 
7fa994728000-7fa994729000 ---p 00000000 00:00 0 
7fa994729000-7fa99482a000 rw-p 00000000 00:00 0 
7fa99482a000-7fa99482b000 ---p 00000000 00:00 0 
7fa99482b000-7fa995336000 rw-p 00000000 00:00 0 
7fa995336000-7fa995337000 ---p 00000000 00:00 0 
7fa995337000-7fa995438000 rw-p 00000000 00:00 0 
7fa995438000-7fa995439000 ---p 00000000 00:00 0 
7fa995439000-7fa99553a000 rw-p 00000000 00:00 0 
7fa99553a000-7fa99553b000 ---p 00000000 00:00 0 
7fa99553b000-7fa99599a000 rw-p 00000000 00:00 0 
7fa99599a000-7fa995a7a000 ---p 00000000 00:00 0 
7fa995a7a000-7fa995aa2000 rw-p 00000000 00:00 0 
7fa995aa2000-7fa995c06000 ---p 00000000 00:00 0 
7fa995c06000-7fa995c0a000 rw-p 00000000 00:00 0 
7fa995c0a000-7fa99958a000 ---p 00000000 00:00 0 
7fa99958a000-7fa9997f2000 rw-p 00000000 00:00 0 
7fa9997f2000-7fa9998d2000 ---p 00000000 00:00 0 
7fa9998d2000-7fa9998fa000 rw-p 00000000 00:00 0 
7fa9998fa000-7fa999a5e000 ---p 00000000 00:00 0 
7fa999a5e000-7fa999a62000 rw-p 00000000 00:00 0 
7fa999a62000-7fa99d3e2000 ---p 00000000 00:00 0 
7fa99d3e2000-7fa99d43a000 rw-p 00000000 00:00 0 
7fa99d43a000-7fa99d455000 ---p 00000000 00:00 0 
7fa99d455000-7fa99d45b000 rw-p 00000000 00:00 0 
7fa99d45b000-7fa99d487000 ---p 00000000 00:00 0 
7fa99d487000-7fa99d488000 rw-p 00000000 00:00 0 
7fa99d488000-7fa99dbb7000 ---p 00000000 00:00 0 
7fa99dbb7000-7fa99dc05000 rw-p 00000000 00:00 0 
7fa99dc05000-7fa99dc20000 ---p 00000000 00:00 0 
7fa99dc20000-7fa99dc26000 rw-p 00000000 00:00 0 
7fa99dc26000-7fa99dc52000 ---p 00000000 00:00 0 
7fa99dc52000-7fa99dc53000 rw-p 00000000 00:00 0 
7fa99dc53000-7fa99e382000 ---p 00000000 00:00 0 
7fa99e382000-7fa99e3d0000 rw-p 00000000 00:00 0 
7fa99e3d0000-7fa99e3eb000 ---p 00000000 00:00 0 
7fa99e3eb000-7fa99e3f1000 rw-p 00000000 00:00 0 
7fa99e3f1000-7fa99e41d000 ---p 00000000 00:00 0 
7fa99e41d000-7fa99e41e000 rw-p 00000000 00:00 0 
7fa99e41e000-7fa99eb4d000 ---p 00000000 00:00 0 
7fa99eb4d000-7fa99f563000 rw-p 00000000 00:00 0 
7fa99f563000-7fa99f644000 ---p 00000000 00:00 0 
7fa99f644000-7fa99f8b4000 rwxp 00000000 00:00 0 
7fa99f8b4000-7fa99fbd6000 ---p 00000000 00:00 0 
7fa99fbd6000-7fa9a0c36000 rwxp 00000000 00:00 0 
7fa9a0c36000-7fa9a710d000 ---p 00000000 00:00 0 
7fa9a710d000-7fa9a75ed000 rwxp 00000000 00:00 0 
7fa9a75ed000-7fa9ae644000 ---p 00000000 00:00 0 
7fa9ae644000-7fa9ae64b000 r-xp 00000000 08:16 6163832                    /usr/lib/jvm/java-14-openjdk-amd64/lib/libzip.so
7fa9ae64b000-7fa9ae84a000 ---p 00007000 08:16 6163832                    /usr/lib/jvm/java-14-openjdk-amd64/lib/libzip.so
7fa9ae84a000-7fa9ae84b000 r--p 00006000 08:16 6163832                    /usr/lib/jvm/java-14-openjdk-amd64/lib/libzip.so
7fa9ae84b000-7fa9ae84c000 rw-p 00007000 08:16 6163832                    /usr/lib/jvm/java-14-openjdk-amd64/lib/libzip.so
7fa9ae84c000-7fa9ae870000 r-xp 00000000 08:16 6163811                    /usr/lib/jvm/java-14-openjdk-amd64/lib/libjava.so
7fa9ae870000-7fa9aea6f000 ---p 00024000 08:16 6163811                    /usr/lib/jvm/java-14-openjdk-amd64/lib/libjava.so
7fa9aea6f000-7fa9aea70000 r--p 00023000 08:16 6163811                    /usr/lib/jvm/java-14-openjdk-amd64/lib/libjava.so
7fa9aea70000-7fa9aea72000 rw-p 00024000 08:16 6163811                    /usr/lib/jvm/java-14-openjdk-amd64/lib/libjava.so
7fa9aea72000-7fa9aea7d000 r-xp 00000000 08:16 8262886                    /lib/x86_64-linux-gnu/libnss_files-2.27.so
7fa9aea7d000-7fa9aec7c000 ---p 0000b000 08:16 8262886                    /lib/x86_64-linux-gnu/libnss_files-2.27.so
7fa9aec7c000-7fa9aec7d000 r--p 0000a000 08:16 8262886                    /lib/x86_64-linux-gnu/libnss_files-2.27.so
7fa9aec7d000-7fa9aec7e000 rw-p 0000b000 08:16 8262886                    /lib/x86_64-linux-gnu/libnss_files-2.27.so
7fa9aec7e000-7fa9aec84000 rw-p 00000000 00:00 0 
7fa9aec84000-7fa9b8000000 r--s 00000000 08:16 6163833                    /usr/lib/jvm/java-14-openjdk-amd64/lib/modules
7fa9b8000000-7fa9ba120000 rw-p 00000000 00:00 0 
7fa9ba120000-7fa9bc000000 ---p 00000000 00:00 0 
7fa9bc04c000-7fa9bc06d000 rw-p 00000000 00:00 0 
7fa9bc06d000-7fa9bc137000 ---p 00000000 00:00 0 
7fa9bc137000-7fa9bc14e000 r-xp 00000000 08:16 8262880                    /lib/x86_64-linux-gnu/libnsl-2.27.so
7fa9bc14e000-7fa9bc34d000 ---p 00017000 08:16 8262880                    /lib/x86_64-linux-gnu/libnsl-2.27.so
7fa9bc34d000-7fa9bc34e000 r--p 00016000 08:16 8262880                    /lib/x86_64-linux-gnu/libnsl-2.27.so
7fa9bc34e000-7fa9bc34f000 rw-p 00017000 08:16 8262880                    /lib/x86_64-linux-gnu/libnsl-2.27.so
7fa9bc34f000-7fa9bc351000 rw-p 00000000 00:00 0 
7fa9bc351000-7fa9bc35c000 r-xp 00000000 08:16 8262897                    /lib/x86_64-linux-gnu/libnss_nis-2.27.so
7fa9bc35c000-7fa9bc55b000 ---p 0000b000 08:16 8262897                    /lib/x86_64-linux-gnu/libnss_nis-2.27.so
7fa9bc55b000-7fa9bc55c000 r--p 0000a000 08:16 8262897                    /lib/x86_64-linux-gnu/libnss_nis-2.27.so
7fa9bc55c000-7fa9bc55d000 rw-p 0000b000 08:16 8262897                    /lib/x86_64-linux-gnu/libnss_nis-2.27.so
7fa9bc55d000-7fa9bc565000 r-xp 00000000 08:16 8262882                    /lib/x86_64-linux-gnu/libnss_compat-2.27.so
7fa9bc565000-7fa9bc765000 ---p 00008000 08:16 8262882                    /lib/x86_64-linux-gnu/libnss_compat-2.27.so
7fa9bc765000-7fa9bc766000 r--p 00008000 08:16 8262882                    /lib/x86_64-linux-gnu/libnss_compat-2.27.so
7fa9bc766000-7fa9bc767000 rw-p 00009000 08:16 8262882                    /lib/x86_64-linux-gnu/libnss_compat-2.27.so
7fa9bc767000-7fa9bc76c000 r-xp 00000000 08:16 6163815                    /usr/lib/jvm/java-14-openjdk-amd64/lib/libjimage.so
7fa9bc76c000-7fa9bc96b000 ---p 00005000 08:16 6163815                    /usr/lib/jvm/java-14-openjdk-amd64/lib/libjimage.so
7fa9bc96b000-7fa9bc96c000 r--p 00004000 08:16 6163815                    /usr/lib/jvm/java-14-openjdk-amd64/lib/libjimage.so
7fa9bc96c000-7fa9bc96d000 rw-p 00005000 08:16 6163815                    /usr/lib/jvm/java-14-openjdk-amd64/lib/libjimage.so
7fa9bc96d000-7fa9bc984000 r-xp 00000000 08:16 8262688                    /lib/x86_64-linux-gnu/libgcc_s.so.1
7fa9bc984000-7fa9bcb83000 ---p 00017000 08:16 8262688                    /lib/x86_64-linux-gnu/libgcc_s.so.1
7fa9bcb83000-7fa9bcb84000 r--p 00016000 08:16 8262688                    /lib/x86_64-linux-gnu/libgcc_s.so.1
7fa9bcb84000-7fa9bcb85000 rw-p 00017000 08:16 8262688                    /lib/x86_64-linux-gnu/libgcc_s.so.1
7fa9bcb85000-7fa9bcd22000 r-xp 00000000 08:16 8262859                    /lib/x86_64-linux-gnu/libm-2.27.so
7fa9bcd22000-7fa9bcf21000 ---p 0019d000 08:16 8262859                    /lib/x86_64-linux-gnu/libm-2.27.so
7fa9bcf21000-7fa9bcf22000 r--p 0019c000 08:16 8262859                    /lib/x86_64-linux-gnu/libm-2.27.so
7fa9bcf22000-7fa9bcf23000 rw-p 0019d000 08:16 8262859                    /lib/x86_64-linux-gnu/libm-2.27.so
7fa9bcf23000-7fa9bd09c000 r-xp 00000000 08:16 5768379                    /usr/lib/x86_64-linux-gnu/libstdc++.so.6.0.25
7fa9bd09c000-7fa9bd29c000 ---p 00179000 08:16 5768379                    /usr/lib/x86_64-linux-gnu/libstdc++.so.6.0.25
7fa9bd29c000-7fa9bd2a6000 r--p 00179000 08:16 5768379                    /usr/lib/x86_64-linux-gnu/libstdc++.so.6.0.25
7fa9bd2a6000-7fa9bd2a8000 rw-p 00183000 08:16 5768379                    /usr/lib/x86_64-linux-gnu/libstdc++.so.6.0.25
7fa9bd2a8000-7fa9bd2ac000 rw-p 00000000 00:00 0 
7fa9bd2ac000-7fa9be3f5000 r-xp 00000000 08:16 6163838                    /usr/lib/jvm/java-14-openjdk-amd64/lib/server/libjvm.so
7fa9be3f5000-7fa9be5f4000 ---p 01149000 08:16 6163838                    /usr/lib/jvm/java-14-openjdk-amd64/lib/server/libjvm.so
7fa9be5f4000-7fa9be69c000 r--p 01148000 08:16 6163838                    /usr/lib/jvm/java-14-openjdk-amd64/lib/server/libjvm.so
7fa9be69c000-7fa9be6d6000 rw-p 011f0000 08:16 6163838                    /usr/lib/jvm/java-14-openjdk-amd64/lib/server/libjvm.so
7fa9be6d6000-7fa9be757000 rw-p 00000000 00:00 0 
7fa9be757000-7fa9be771000 r-xp 00000000 08:16 8262929                    /lib/x86_64-linux-gnu/libpthread-2.27.so
7fa9be771000-7fa9be970000 ---p 0001a000 08:16 8262929                    /lib/x86_64-linux-gnu/libpthread-2.27.so
7fa9be970000-7fa9be971000 r--p 00019000 08:16 8262929                    /lib/x86_64-linux-gnu/libpthread-2.27.so
7fa9be971000-7fa9be972000 rw-p 0001a000 08:16 8262929                    /lib/x86_64-linux-gnu/libpthread-2.27.so
7fa9be972000-7fa9be976000 rw-p 00000000 00:00 0 
7fa9be976000-7fa9be979000 r-xp 00000000 08:16 8262819                    /lib/x86_64-linux-gnu/libdl-2.27.so
7fa9be979000-7fa9beb78000 ---p 00003000 08:16 8262819                    /lib/x86_64-linux-gnu/libdl-2.27.so
7fa9beb78000-7fa9beb79000 r--p 00002000 08:16 8262819                    /lib/x86_64-linux-gnu/libdl-2.27.so
7fa9beb79000-7fa9beb7a000 rw-p 00003000 08:16 8262819                    /lib/x86_64-linux-gnu/libdl-2.27.so
7fa9beb7a000-7fa9beb96000 r-xp 00000000 08:16 8262968                    /lib/x86_64-linux-gnu/libz.so.1.2.11
7fa9beb96000-7fa9bed95000 ---p 0001c000 08:16 8262968                    /lib/x86_64-linux-gnu/libz.so.1.2.11
7fa9bed95000-7fa9bed96000 r--p 0001b000 08:16 8262968                    /lib/x86_64-linux-gnu/libz.so.1.2.11
7fa9bed96000-7fa9bed97000 rw-p 0001c000 08:16 8262968                    /lib/x86_64-linux-gnu/libz.so.1.2.11
7fa9bed97000-7fa9bef7e000 r-xp 00000000 08:16 8262796                    /lib/x86_64-linux-gnu/libc-2.27.so
7fa9bef7e000-7fa9bf17e000 ---p 001e7000 08:16 8262796                    /lib/x86_64-linux-gnu/libc-2.27.so
7fa9bf17e000-7fa9bf182000 r--p 001e7000 08:16 8262796                    /lib/x86_64-linux-gnu/libc-2.27.so
7fa9bf182000-7fa9bf184000 rw-p 001eb000 08:16 8262796                    /lib/x86_64-linux-gnu/libc-2.27.so
7fa9bf184000-7fa9bf188000 rw-p 00000000 00:00 0 
7fa9bf188000-7fa9bf196000 r-xp 00000000 08:16 6163816                    /usr/lib/jvm/java-14-openjdk-amd64/lib/libjli.so
7fa9bf196000-7fa9bf396000 ---p 0000e000 08:16 6163816                    /usr/lib/jvm/java-14-openjdk-amd64/lib/libjli.so
7fa9bf396000-7fa9bf397000 r--p 0000e000 08:16 6163816                    /usr/lib/jvm/java-14-openjdk-amd64/lib/libjli.so
7fa9bf397000-7fa9bf398000 rw-p 0000f000 08:16 6163816                    /usr/lib/jvm/java-14-openjdk-amd64/lib/libjli.so
7fa9bf398000-7fa9bf3bf000 r-xp 00000000 08:16 8262768                    /lib/x86_64-linux-gnu/ld-2.27.so
7fa9bf3c3000-7fa9bf3c7000 ---p 00000000 00:00 0 
7fa9bf3c7000-7fa9bf49e000 rw-p 00000000 00:00 0 
7fa9bf49e000-7fa9bf4a5000 ---p 00000000 00:00 0 
7fa9bf4a5000-7fa9bf4a9000 ---p 00000000 00:00 0 
7fa9bf4a9000-7fa9bf5a8000 rw-p 00000000 00:00 0 
7fa9bf5b1000-7fa9bf5b2000 rwxp 00000000 00:00 0 
7fa9bf5b2000-7fa9bf5ba000 rw-s 00000000 08:16 5640347                    /tmp/hsperfdata_ram/31060
7fa9bf5ba000-7fa9bf5bb000 ---p 00000000 00:00 0 
7fa9bf5bb000-7fa9bf5bc000 r--p 00000000 00:00 0 
7fa9bf5bc000-7fa9bf5bd000 ---p 00000000 00:00 0 
7fa9bf5bd000-7fa9bf5bf000 rw-p 00000000 00:00 0 
7fa9bf5bf000-7fa9bf5c0000 r--p 00027000 08:16 8262768                    /lib/x86_64-linux-gnu/ld-2.27.so
7fa9bf5c0000-7fa9bf5c1000 rw-p 00028000 08:16 8262768                    /lib/x86_64-linux-gnu/ld-2.27.so
7fa9bf5c1000-7fa9bf5c2000 rw-p 00000000 00:00 0 
7ffe85556000-7ffe85577000 rw-p 00000000 00:00 0                          [stack]
7ffe855e6000-7ffe855e9000 r--p 00000000 00:00 0                          [vvar]
7ffe855e9000-7ffe855ea000 r-xp 00000000 00:00 0                          [vdso]
ffffffffff600000-ffffffffff601000 --xp 00000000 00:00 0                  [vsyscall]


VM Arguments:
jvm_args: -Dclassworlds.conf=/usr/share/maven/bin/m2.conf -Dmaven.home=/usr/share/maven -Dlibrary.jansi.path=/usr/share/maven/lib/jansi-native -Dmaven.multiModuleProjectDirectory=/home/ram/repo/github/expmgr-backend 
java_command: org.codehaus.plexus.classworlds.launcher.Launcher spring-boot:build-image
java_class_path (initial): /usr/share/maven/boot/plexus-classworlds-2.x.jar
Launcher Type: SUN_STANDARD

[Global flags]
     intx CICompilerCount                          = 4                                         {product} {ergonomic}
     uint ConcGCThreads                            = 3                                         {product} {ergonomic}
     uint G1ConcRefinementThreads                  = 10                                        {product} {ergonomic}
   size_t G1HeapRegionSize                         = 1048576                                   {product} {ergonomic}
    uintx GCDrainStackTargetSize                   = 64                                        {product} {ergonomic}
   size_t InitialHeapSize                          = 262144000                                 {product} {ergonomic}
   size_t MarkStackSize                            = 4194304                                   {product} {ergonomic}
   size_t MaxHeapSize                              = 4183818240                                {product} {ergonomic}
   size_t MaxNewSize                               = 2510290944                                {product} {ergonomic}
   size_t MinHeapDeltaBytes                        = 1048576                                   {product} {ergonomic}
   size_t MinHeapSize                              = 8388608                                   {product} {ergonomic}
    uintx NonNMethodCodeHeapSize                   = 5839372                                {pd product} {ergonomic}
    uintx NonProfiledCodeHeapSize                  = 122909434                              {pd product} {ergonomic}
    uintx ProfiledCodeHeapSize                     = 122909434                              {pd product} {ergonomic}
    uintx ReservedCodeCacheSize                    = 251658240                              {pd product} {ergonomic}
     bool SegmentedCodeCache                       = true                                      {product} {ergonomic}
   size_t SoftMaxHeapSize                          = 4183818240                             {manageable} {ergonomic}
     bool UseCompressedClassPointers               = true                                 {lp64_product} {ergonomic}
     bool UseCompressedOops                        = true                                 {lp64_product} {ergonomic}
     bool UseG1GC                                  = true                                      {product} {ergonomic}

Logging:
Log output configuration:
 #0: stdout all=warning uptime,level,tags
 #1: stderr all=off uptime,level,tags

Environment Variables:
PATH=/usr/local/sbin:/usr/local/bin:/usr/sbin:/usr/bin:/sbin:/bin:/usr/games:/usr/local/games:/snap/bin
USERNAME=ram
SHELL=/bin/bash
DISPLAY=:1

Signal Handlers:
SIGSEGV: [libjvm.so+0xe7b140], sa_mask[0]=11111111011111111101111111111110, sa_flags=SA_RESTART|SA_SIGINFO
SIGBUS: [libjvm.so+0xe7b140], sa_mask[0]=11111111011111111101111111111110, sa_flags=SA_RESTART|SA_SIGINFO
SIGFPE: [libjvm.so+0xe7b140], sa_mask[0]=11111111011111111101111111111110, sa_flags=SA_RESTART|SA_SIGINFO
SIGPIPE: [libjvm.so+0xb2e240], sa_mask[0]=11111111011111111101111111111110, sa_flags=SA_RESTART|SA_SIGINFO
SIGXFSZ: [libjvm.so+0xb2e240], sa_mask[0]=11111111011111111101111111111110, sa_flags=SA_RESTART|SA_SIGINFO
SIGILL: [libjvm.so+0xe7b140], sa_mask[0]=11111111011111111101111111111110, sa_flags=SA_RESTART|SA_SIGINFO
SIGUSR2: [libjvm.so+0xb2e0d0], sa_mask[0]=00000000000000000000000000000000, sa_flags=SA_RESTART|SA_SIGINFO
SIGHUP: [libjvm.so+0xb2e820], sa_mask[0]=11111111011111111101111111111110, sa_flags=SA_RESTART|SA_SIGINFO
SIGINT: [libjvm.so+0xb2e820], sa_mask[0]=11111111011111111101111111111110, sa_flags=SA_RESTART|SA_SIGINFO
SIGTERM: [libjvm.so+0xb2e820], sa_mask[0]=11111111011111111101111111111110, sa_flags=SA_RESTART|SA_SIGINFO
SIGQUIT: [libjvm.so+0xb2e820], sa_mask[0]=11111111011111111101111111111110, sa_flags=SA_RESTART|SA_SIGINFO


---------------  S Y S T E M  ---------------

OS:DISTRIB_ID=Ubuntu
DISTRIB_RELEASE=18.04
DISTRIB_CODENAME=bionic
DISTRIB_DESCRIPTION="Ubuntu 18.04.4 LTS"
uname:Linux 5.3.0-53-generic #47~18.04.1-Ubuntu SMP Thu May 7 13:10:50 UTC 2020 x86_64
OS uptime: 0 days 3:35 hours
libc:glibc 2.27 NPTL 2.27 
rlimit: STACK 8192k, CORE 0k, NPROC 63636, NOFILE 4096, AS infinity, DATA infinity, FSIZE infinity
load average:1.57 2.52 3.02

/proc/meminfo:
MemTotal:       16339648 kB
MemFree:         1964380 kB
MemAvailable:    6629908 kB
Buffers:          611108 kB
Cached:          3990004 kB
SwapCached:          220 kB
Active:         10633456 kB
Inactive:        2632168 kB
Active(anon):    8027252 kB
Inactive(anon):   736176 kB
Active(file):    2606204 kB
Inactive(file):  1895992 kB
Unevictable:          48 kB
Mlocked:              48 kB
SwapTotal:       2097148 kB
SwapFree:        2092028 kB
Dirty:              1452 kB
Writeback:          8624 kB
AnonPages:       8664128 kB
Mapped:          1106340 kB
Shmem:            150596 kB
KReclaimable:     500336 kB
Slab:             762292 kB
SReclaimable:     500336 kB
SUnreclaim:       261956 kB
KernelStack:       33120 kB
PageTables:       107536 kB
NFS_Unstable:          0 kB
Bounce:                0 kB
WritebackTmp:          0 kB
CommitLimit:    10266972 kB
Committed_AS:   19874776 kB
VmallocTotal:   34359738367 kB
VmallocUsed:       45696 kB
VmallocChunk:          0 kB
Percpu:            17664 kB
HardwareCorrupted:     0 kB
AnonHugePages:      2048 kB
ShmemHugePages:        0 kB
ShmemPmdMapped:        0 kB
CmaTotal:              0 kB
CmaFree:               0 kB
HugePages_Total:       0
HugePages_Free:        0
HugePages_Rsvd:        0
HugePages_Surp:        0
Hugepagesize:       2048 kB
Hugetlb:               0 kB
DirectMap4k:      610628 kB
DirectMap2M:    16109568 kB
DirectMap1G:           0 kB


/proc/sys/kernel/threads-max (system-wide limit on the number of threads):
127272


/proc/sys/vm/max_map_count (maximum number of memory map areas a process may have):
65530


/proc/sys/kernel/pid_max (system-wide limit on number of process identifiers):
32768



container (cgroup) information:
container_type: cgroupv1
cpu_cpuset_cpus: 0-11
cpu_memory_nodes: 0
active_processor_count: 12
cpu_quota: no quota
cpu_period: 100000
cpu_shares: no shares
memory_limit_in_bytes: unlimited
memory_and_swap_limit_in_bytes: not supported
memory_soft_limit_in_bytes: unlimited
memory_usage_in_bytes: 6670962688
memory_max_usage_in_bytes: 7964295168

Steal ticks since vm start: 0
Steal ticks percentage since vm start:  0.000

CPU:total 12 (initial active 12) (6 cores per cpu, 2 threads per core) family 6 model 158 stepping 10, cmov, cx8, fxsr, mmx, sse, sse2, sse3, ssse3, sse4.1, sse4.2, popcnt, avx, avx2, aes, clmul, erms, rtm, 3dnowpref, lzcnt, ht, tsc, tscinvbit, bmi1, bmi2, adx, fma
CPU Model and flags from /proc/cpuinfo:
model name	: Intel(R) Core(TM) i7-8700 CPU @ 3.20GHz
flags		: fpu vme de pse tsc msr pae mce cx8 apic sep mtrr pge mca cmov pat pse36 clflush dts acpi mmx fxsr sse sse2 ss ht tm pbe syscall nx pdpe1gb rdtscp lm constant_tsc art arch_perfmon pebs bts rep_good nopl xtopology nonstop_tsc cpuid aperfmperf pni pclmulqdq dtes64 monitor ds_cpl vmx smx est tm2 ssse3 sdbg fma cx16 xtpr pdcm pcid sse4_1 sse4_2 x2apic movbe popcnt tsc_deadline_timer aes xsave avx f16c rdrand lahf_lm abm 3dnowprefetch cpuid_fault invpcid_single pti ssbd ibrs ibpb stibp tpr_shadow vnmi flexpriority ept vpid ept_ad fsgsbase tsc_adjust bmi1 hle avx2 smep bmi2 erms invpcid rtm mpx rdseed adx smap clflushopt intel_pt xsaveopt xsavec xgetbv1 xsaves dtherm ida arat pln pts hwp hwp_notify hwp_act_window hwp_epp md_clear flush_l1d

Memory: 4k page, physical 16339648k(1964380k free), swap 2097148k(2092028k free)

vm_info: OpenJDK 64-Bit Server VM (14.0.1+7-Ubuntu-1ubuntu118.04.1) for linux-amd64 JRE (14.0.1+7-Ubuntu-1ubuntu118.04.1), built on Apr 18 2020 16:27:50 by "unknown" with gcc 8.4.0

END.
